<?xml version="1.0" encoding="UTF-8"?>
<!-- Generated by org.testng.reporters.JUnitXMLReporter -->
<testsuite ignored="0" hostname="LIN-5CD53088JD" failures="1" tests="1" name="Default test" time="10.087" errors="0" timestamp="2025-11-12T18:01:53 IST">
  <testcase classname="io.cucumber.testng.AbstractTestNGCucumberTests" name="runScenario" time="9.074">
    <failure type="io.cucumber.testng.UndefinedStepException" message="The step &amp;apos;User applies a City filter from test data&amp;apos; is undefined.
You can implement this step using the snippet(s) below:

@When(&amp;quot;User applies a City filter from test data&amp;quot;)
public void user_applies_a_city_filter_from_test_data() {
    // Write code here that turns the phrase above into concrete actions
    throw new io.cucumber.java.PendingException();
}
">
      <![CDATA[io.cucumber.testng.UndefinedStepException: The step 'User applies a City filter from test data' is undefined.
You can implement this step using the snippet(s) below:

@When("User applies a City filter from test data")
public void user_applies_a_city_filter_from_test_data() {
    // Write code here that turns the phrase above into concrete actions
    throw new io.cucumber.java.PendingException();
}

at ✽.User applies a City filter from test data(file:///C:/Training/SprintPracto/Practo/src/test/resources/Features/Profile.feature:29)
]]>
    </failure>
  </testcase> <!-- runScenario -->
</testsuite> <!-- Default test -->
