<?xml version="1.0" encoding="UTF-8"?>
<!-- Generated by org.testng.reporters.JUnitXMLReporter -->
<testsuite ignored="0" hostname="LIN-5CG5173Y55" failures="1" tests="1" name="Default test" time="36.064" errors="0" timestamp="2025-11-17T19:47:36 IST">
  <testcase classname="io.cucumber.testng.AbstractTestNGCucumberTests" name="runScenario" time="34.585">
    <failure type="java.lang.AssertionError" message="Validation failed for No results message expected [true] but found [false]">
      <![CDATA[java.lang.AssertionError: Validation failed for No results message expected [true] but found [false]
at org.testng.Assert.fail(Assert.java:111)
at org.testng.Assert.failNotEquals(Assert.java:1590)
at org.testng.Assert.assertTrue(Assert.java:57)
at com.stepDefinitionTestNG.Profile.user_should_see_a_message_no_results_found_on_the_page(Profile.java:407)
at ✽.user should see a message No results found on the page(file:///C:/Users/dyamaa/SpritPracto/Practo/src/test/resources/Features/Profile.feature:80)
]]>
    </failure>
  </testcase> <!-- runScenario -->
</testsuite> <!-- Default test -->
