<?xml version="1.0" encoding="UTF-8"?>
<!-- Generated by org.testng.reporters.JUnitXMLReporter -->
<testsuite ignored="0" hostname="LIN-5CG5173Y55" failures="1" tests="1" name="Default test" time="13.033" errors="0" timestamp="2025-11-13T21:58:35 IST">
  <testcase classname="io.cucumber.testng.AbstractTestNGCucumberTests" name="runScenario" time="12.18">
    <failure type="java.lang.RuntimeException" message="Package name is missing in Excel for row 1">
      <![CDATA[java.lang.RuntimeException: Package name is missing in Excel for row 1
at com.stepDefinitionTestNG.Profile.user_selects_package_name_from_sheet_and_row(Profile.java:232)
at ✽.user selects package name from sheet 0 and row 1(file:///C:/Users/dyamaa/SpritPracto/Practo/src/test/resources/Features/Profile.feature:41)
]]>
    </failure>
  </testcase> <!-- runScenario -->
</testsuite> <!-- Default test -->
