<?xml version="1.0" encoding="UTF-8"?>
<!-- Generated by org.testng.reporters.JUnitXMLReporter -->
<testsuite ignored="0" hostname="LIN-5CD53088LC" failures="1" tests="1" name="Default test" time="11.14" errors="0" timestamp="2025-11-11T20:47:31 IST">
  <testcase classname="io.cucumber.testng.AbstractTestNGCucumberTests" name="runScenario" time="10.098">
    <failure type="java.lang.NullPointerException">
      <![CDATA[java.lang.NullPointerException
at java.base/java.io.FileInputStream.<init>(FileInputStream.java:151)
at java.base/java.io.FileInputStream.<init>(FileInputStream.java:112)
at com.parameters.ExcelReader.getSpecializationFromExcel(ExcelReader.java:19)
at com.pages.ProfilePage.enterSpecialization(ProfilePage.java:31)
at com.stepDefinitionTestNG.Profile.the_user_searches_for_the_dentists(Profile.java:49)
at ✽.the user searches for the Dentists(file:///C:/training/Java/SprintPracto/Practo/src/test/resources/Features/Profile.feature:7)
]]>
    </failure>
  </testcase> <!-- runScenario -->
</testsuite> <!-- Default test -->
