<?xml version="1.0" encoding="UTF-8"?>
<!-- Generated by org.testng.reporters.JUnitXMLReporter -->
<testsuite ignored="0" hostname="LIN-5CD53088KC" failures="1" tests="1" name="Cucumber Tests" time="12.318" errors="0" timestamp="2025-11-10T15:21:22 IST">
  <testcase classname="io.cucumber.testng.AbstractTestNGCucumberTests" name="runScenario" time="11.179">
    <failure type="java.lang.AssertionError" message="Expected: Lab Tests - Practo but found: Blood Tests | Book Diagnostic Tests from Home at Best Prices | Practo expected [true] but found [false]">
      <![CDATA[java.lang.AssertionError: Expected: Lab Tests - Practo but found: Blood Tests | Book Diagnostic Tests from Home at Best Prices | Practo expected [true] but found [false]
at com.stepDefinitionTestNG.Profile.user_should_see_the_lab_tests_page_with_title(Profile.java:25)
at âœ½.user should see the Lab Tests page with title "Lab Tests - Practo"(file:///C:/training/java/SprintPracto/Practo/src/test/resources/feature/Profile.feature:7)
... Removed 3 stack frames]]>
    </failure>
  </testcase> <!-- runScenario -->
</testsuite> <!-- Cucumber Tests -->
