<?xml version="1.0" encoding="UTF-8"?>
<!-- Generated by org.testng.reporters.JUnitXMLReporter -->
<testsuite ignored="0" hostname="LIN-5CD53088J3" failures="2" tests="2" name="Default test" time="78.157" errors="0" timestamp="2025-11-12T21:00:27 IST">
  <testcase classname="io.cucumber.testng.AbstractTestNGCucumberTests" name="runScenario" time="39.326">
    <failure type="java.lang.NullPointerException" message="Cannot invoke &amp;quot;org.openqa.selenium.support.ui.FluentWait.until(java.util.function.Function)&amp;quot; because &amp;quot;wait&amp;quot; is null">
      <![CDATA[java.lang.NullPointerException: Cannot invoke "org.openqa.selenium.support.ui.FluentWait.until(java.util.function.Function)" because "wait" is null
at com.stepDefinitionTestNG.PractoProfile.enterCityNameFromExcel(PractoProfile.java:256)
at ✽.user enters city name from sheet 0 and row 1 and selects suggestions(file:///C:/Training/SprintPracto/Practo/src/test/resources/com/features/Login.feature:80)
]]>
    </failure>
  </testcase> <!-- runScenario -->
  <testcase classname="io.cucumber.testng.AbstractTestNGCucumberTests" name="runScenario" time="37.353">
    <failure type="java.lang.NullPointerException" message="Cannot invoke &amp;quot;org.openqa.selenium.support.ui.FluentWait.until(java.util.function.Function)&amp;quot; because &amp;quot;wait&amp;quot; is null">
      <![CDATA[java.lang.NullPointerException: Cannot invoke "org.openqa.selenium.support.ui.FluentWait.until(java.util.function.Function)" because "wait" is null
at com.stepDefinitionTestNG.PractoProfile.enterCityNameFromExcel(PractoProfile.java:256)
at ✽.user enters city name from sheet 0 and row 2 and selects suggestions(file:///C:/Training/SprintPracto/Practo/src/test/resources/com/features/Login.feature:80)
]]>
    </failure>
  </testcase> <!-- runScenario -->
</testsuite> <!-- Default test -->
