<?xml version="1.0" encoding="UTF-8"?>
<!-- Generated by org.testng.reporters.JUnitReportReporter -->
<testsuite hostname="LIN-5CG5173Y55" failures="0" tests="9" name="com.runner.TestRunner" time="490.213" errors="0" timestamp="2025-11-16T14:45:49 IST" skipped="0">
  <testcase classname="com.runner.TestRunner" name="runScenario" time="56.269"/>
  <testcase classname="com.runner.TestRunner" name="runScenario" time="61.798"/>
  <testcase classname="com.runner.TestRunner" name="runScenario" time="120.327"/>
  <testcase classname="com.runner.TestRunner" name="runScenario" time="19.719"/>
  <testcase classname="com.runner.TestRunner" name="runScenario" time="41.716"/>
  <testcase classname="com.runner.TestRunner" name="runScenario" time="34.074"/>
  <testcase classname="com.runner.TestRunner" name="runScenario" time="66.278"/>
  <testcase classname="com.runner.TestRunner" name="runScenario" time="39.399"/>
  <testcase classname="com.runner.TestRunner" name="runScenario" time="50.633"/>
</testsuite> <!-- com.runner.TestRunner -->
