<?xml version="1.0" encoding="UTF-8"?>
<!-- Generated by org.testng.reporters.JUnitReportReporter -->
<testsuite hostname="LIN-5CD53088JD" failures="0" tests="1" name="com.runner.TestRunnerTestNG" time="9.074" errors="1" timestamp="2025-11-12T18:01:53 IST" skipped="0">
  <testcase classname="com.runner.TestRunnerTestNG" name="runScenario" time="9.074">
    <error message="The step &#039;User applies a City filter from test data&#039; is undefined.
You can implement this step using the snippet(s) below:

@When(&quot;User applies a City filter from test data&quot;)
public void user_applies_a_city_filter_from_test_data() {
    // Write code here that turns the phrase above into concrete actions
    throw new io.cucumber.java.PendingException();
}
" type="io.cucumber.testng.UndefinedStepException">
      <![CDATA[io.cucumber.testng.UndefinedStepException: The step 'User applies a City filter from test data' is undefined.
You can implement this step using the snippet(s) below:

@When("User applies a City filter from test data")
public void user_applies_a_city_filter_from_test_data() {
    // Write code here that turns the phrase above into concrete actions
    throw new io.cucumber.java.PendingException();
}

at ✽.User applies a City filter from test data(file:///C:/Training/SprintPracto/Practo/src/test/resources/Features/Profile.feature:29)
]]>
    </error>
  </testcase> <!-- runScenario -->
</testsuite> <!-- com.runner.TestRunnerTestNG -->
