<?xml version="1.0" encoding="UTF-8"?>
<!-- Generated by org.testng.reporters.JUnitReportReporter -->
<testsuite hostname="LIN-5CD53088KC" failures="0" tests="10" name="com.runner.TestRunnerTestNG" time="362.298" errors="0" timestamp="2025-11-17T19:33:04 IST" skipped="0">
  <testcase classname="com.runner.TestRunnerTestNG" name="runScenario" time="28.720"/>
  <testcase classname="com.runner.TestRunnerTestNG" name="runScenario" time="44.207"/>
  <testcase classname="com.runner.TestRunnerTestNG" name="runScenario" time="40.074"/>
  <testcase classname="com.runner.TestRunnerTestNG" name="runScenario" time="44.441"/>
  <testcase classname="com.runner.TestRunnerTestNG" name="runScenario" time="28.909"/>
  <testcase classname="com.runner.TestRunnerTestNG" name="runScenario" time="44.215"/>
  <testcase classname="com.runner.TestRunnerTestNG" name="runScenario" time="38.930"/>
  <testcase classname="com.runner.TestRunnerTestNG" name="runScenario" time="39.673"/>
  <testcase classname="com.runner.TestRunnerTestNG" name="runScenario" time="28.977"/>
  <testcase classname="com.runner.TestRunnerTestNG" name="runScenario" time="24.152"/>
</testsuite> <!-- com.runner.TestRunnerTestNG -->
