<?xml version="1.0" encoding="UTF-8"?>
<!-- Generated by org.testng.reporters.JUnitReportReporter -->
<testsuite hostname="LIN-5CG5173Y55" failures="0" tests="1" name="com.runner.TestRunner" time="12.180" errors="1" timestamp="2025-11-13T21:58:36 IST" skipped="0">
  <testcase classname="com.runner.TestRunner" name="runScenario" time="12.180">
    <error message="Package name is missing in Excel for row 1" type="java.lang.RuntimeException">
      <![CDATA[java.lang.RuntimeException: Package name is missing in Excel for row 1
at com.stepDefinitionTestNG.Profile.user_selects_package_name_from_sheet_and_row(Profile.java:232)
at ✽.user selects package name from sheet 0 and row 1(file:///C:/Users/dyamaa/SpritPracto/Practo/src/test/resources/Features/Profile.feature:41)
]]>
    </error>
  </testcase> <!-- runScenario -->
</testsuite> <!-- com.runner.TestRunner -->
