<?xml version="1.0" encoding="UTF-8"?>
<!-- Generated by org.testng.reporters.JUnitReportReporter -->
<testsuite hostname="LIN-5CD53088JD" failures="0" tests="7" name="com.runner.TestRunnerTestNG" time="95.370" errors="0" timestamp="2025-11-15T17:27:11 IST" skipped="0">
  <testcase classname="com.runner.TestRunnerTestNG" name="runScenario" time="9.532"/>
  <testcase classname="com.runner.TestRunnerTestNG" name="runScenario" time="8.216"/>
  <testcase classname="com.runner.TestRunnerTestNG" name="runScenario" time="7.281"/>
  <testcase classname="com.runner.TestRunnerTestNG" name="runScenario" time="10.660"/>
  <testcase classname="com.runner.TestRunnerTestNG" name="runScenario" time="15.371"/>
  <testcase classname="com.runner.TestRunnerTestNG" name="runScenario" time="37.213"/>
  <testcase classname="com.runner.TestRunnerTestNG" name="runScenario" time="7.097"/>
</testsuite> <!-- com.runner.TestRunnerTestNG -->
