<?xml version="1.0" encoding="UTF-8"?>
<!-- Generated by org.testng.reporters.JUnitReportReporter -->
<testsuite hostname="LIN-5CG5173Y55" failures="0" tests="1" name="com.runner.TestRunnerTestNG" time="0.136" errors="1" timestamp="2025-11-11T10:12:57 IST" skipped="0">
  <testcase classname="com.runner.TestRunnerTestNG" name="runScenario" time="0.136">
    <error message="The step &#039;User is on the Home page&#039; and 1 other step(s) are undefined.
You can implement these steps using the snippet(s) below:

@Given(&quot;User is on the Home page&quot;)
public void user_is_on_the_home_page() {
    // Write code here that turns the phrase above into concrete actions
    throw new io.cucumber.java.PendingException();
}
@Then(&quot;User should be directed to the {string} page&quot;)
public void user_should_be_directed_to_the_page(String string) {
    // Write code here that turns the phrase above into concrete actions
    throw new io.cucumber.java.PendingException();
}
" type="io.cucumber.testng.UndefinedStepException">
      <![CDATA[io.cucumber.testng.UndefinedStepException: The step 'User is on the Home page' and 1 other step(s) are undefined.
You can implement these steps using the snippet(s) below:

@Given("User is on the Home page")
public void user_is_on_the_home_page() {
    // Write code here that turns the phrase above into concrete actions
    throw new io.cucumber.java.PendingException();
}
@Then("User should be directed to the {string} page")
public void user_should_be_directed_to_the_page(String string) {
    // Write code here that turns the phrase above into concrete actions
    throw new io.cucumber.java.PendingException();
}

at ✽.User is on the Home page(file:///C:/Users/dyamaa/SpritPracto/Practo/src/test/resources/Features/Profile.feature:12)
]]>
    </error>
  </testcase> <!-- runScenario -->
</testsuite> <!-- com.runner.TestRunnerTestNG -->
