<?xml version="1.0" encoding="UTF-8"?>
<!-- Generated by org.testng.reporters.JUnitReportReporter -->
<testsuite hostname="LIN-5CG5173Y55" failures="0" tests="10" name="com.runner.TestRunner1" time="201.324" errors="1" timestamp="2025-11-17T17:44:42 IST" skipped="0">
  <testcase classname="com.runner.TestRunner1" name="runScenario" time="22.178"/>
  <testcase classname="com.runner.TestRunner1" name="runScenario" time="12.998"/>
  <testcase classname="com.runner.TestRunner1" name="runScenario" time="21.109"/>
  <testcase classname="com.runner.TestRunner1" name="runScenario" time="16.345"/>
  <testcase classname="com.runner.TestRunner1" name="runScenario" time="23.058"/>
  <testcase classname="com.runner.TestRunner1" name="runScenario" time="21.693"/>
  <testcase classname="com.runner.TestRunner1" name="runScenario" time="38.846"/>
  <testcase classname="com.runner.TestRunner1" name="runScenario" time="18.835"/>
  <testcase classname="com.runner.TestRunner1" name="runScenario" time="5.158">
    <error message="The step &#039;when the user launches Practo home page&#039; and 4 other step(s) are undefined.
You can implement these steps using the snippet(s) below:

@Given(&quot;when the user launches Practo home page&quot;)
public void when_the_user_launches_practo_home_page() {
    // Write code here that turns the phrase above into concrete actions
    throw new io.cucumber.java.PendingException();
}
@When(&quot;user clicks on the search bar&quot;)
public void user_clicks_on_the_search_bar() {
    // Write code here that turns the phrase above into concrete actions
    throw new io.cucumber.java.PendingException();
}
@When(&quot;user enters an invalid doctor name&quot;)
public void user_enters_an_invalid_doctor_name() {
    // Write code here that turns the phrase above into concrete actions
    throw new io.cucumber.java.PendingException();
}
@When(&quot;user clicks on the Search button&quot;)
public void user_clicks_on_the_search_button() {
    // Write code here that turns the phrase above into concrete actions
    throw new io.cucumber.java.PendingException();
}
@Then(&quot;user should see a message No results found on the page&quot;)
public void user_should_see_a_message_no_results_found_on_the_page() {
    // Write code here that turns the phrase above into concrete actions
    throw new io.cucumber.java.PendingException();
}
" type="io.cucumber.testng.UndefinedStepException">
      <![CDATA[io.cucumber.testng.UndefinedStepException: The step 'when the user launches Practo home page' and 4 other step(s) are undefined.
You can implement these steps using the snippet(s) below:

@Given("when the user launches Practo home page")
public void when_the_user_launches_practo_home_page() {
    // Write code here that turns the phrase above into concrete actions
    throw new io.cucumber.java.PendingException();
}
@When("user clicks on the search bar")
public void user_clicks_on_the_search_bar() {
    // Write code here that turns the phrase above into concrete actions
    throw new io.cucumber.java.PendingException();
}
@When("user enters an invalid doctor name")
public void user_enters_an_invalid_doctor_name() {
    // Write code here that turns the phrase above into concrete actions
    throw new io.cucumber.java.PendingException();
}
@When("user clicks on the Search button")
public void user_clicks_on_the_search_button() {
    // Write code here that turns the phrase above into concrete actions
    throw new io.cucumber.java.PendingException();
}
@Then("user should see a message No results found on the page")
public void user_should_see_a_message_no_results_found_on_the_page() {
    // Write code here that turns the phrase above into concrete actions
    throw new io.cucumber.java.PendingException();
}

at âœ½.when the user launches Practo home page(file:///C:/Users/dyamaa/SpritPracto/Practo/src/test/resources/Features/Profile.feature:76)
]]>
    </error>
  </testcase> <!-- runScenario -->
  <testcase classname="com.runner.TestRunner1" name="runScenario" time="21.104"/>
</testsuite> <!-- com.runner.TestRunner1 -->
