<?xml version="1.0" encoding="UTF-8"?>
<!-- Generated by org.testng.reporters.JUnitReportReporter -->
<testsuite hostname="LIN-5CD53088LC" failures="0" tests="2" name="com.runner.TestRunnerTestNG" time="27.663" errors="0" timestamp="2025-11-12T20:09:51 IST" skipped="0">
  <testcase classname="com.runner.TestRunnerTestNG" name="runScenario" time="14.153"/>
  <testcase classname="com.runner.TestRunnerTestNG" name="runScenario" time="13.510"/>
</testsuite> <!-- com.runner.TestRunnerTestNG -->
