<?xml version="1.0" encoding="UTF-8"?>
<!-- Generated by org.testng.reporters.JUnitReportReporter -->
<testsuite hostname="LIN-5CG5173Y55" failures="0" tests="10" name="com.runner.TestRunnerParallel1" time="178.834" errors="10" timestamp="2025-11-17T17:36:21 IST" skipped="0">
  <testcase classname="com.runner.TestRunnerParallel1" name="runScenario" time="18.286">
    <error message="Unresolved compilation problem: 
	Syntax error, insert &quot;}&quot; to complete ClassBody
" type="java.lang.Error">
      <![CDATA[java.lang.Error: Unresolved compilation problem: 
Syntax error, insert "}" to complete ClassBody

at com.pages.UserPage.<init>(UserPage.java:547)
at com.stepDefinitionTestNG.Profile.user_launches_practo_Web(Profile.java:233)
at ✽.user launches Practo web(file:///C:/Users/dyamaa/SpritPracto/Practo/src/test/resources/Features/Profile.feature:57)
]]>
    </error>
  </testcase> <!-- runScenario -->
  <testcase classname="com.runner.TestRunnerParallel1" name="runScenario" time="19.260">
    <error message="Unresolved compilation problem: 
	Syntax error, insert &quot;}&quot; to complete ClassBody
" type="java.lang.Error">
      <![CDATA[java.lang.Error: Unresolved compilation problem: 
Syntax error, insert "}" to complete ClassBody

at com.pages.UserPage.<init>(UserPage.java:547)
at com.stepDefinitionTestNG.Profile.user_launches_the_practo_site(Profile.java:140)
at ✽.user launches the Practo site(file:///C:/Users/dyamaa/SpritPracto/Practo/src/test/resources/Features/Profile.feature:29)
]]>
    </error>
  </testcase> <!-- runScenario -->
  <testcase classname="com.runner.TestRunnerParallel1" name="runScenario" time="19.669">
    <error message="Unresolved compilation problem: 
	Syntax error, insert &quot;}&quot; to complete ClassBody
" type="java.lang.Error">
      <![CDATA[java.lang.Error: Unresolved compilation problem: 
Syntax error, insert "}" to complete ClassBody

at com.pages.UserPage.<init>(UserPage.java:547)
at com.stepDefinitionTestNG.Profile.user_launches_practo_Web(Profile.java:233)
at ✽.user launches Practo web(file:///C:/Users/dyamaa/SpritPracto/Practo/src/test/resources/Features/Profile.feature:57)
]]>
    </error>
  </testcase> <!-- runScenario -->
  <testcase classname="com.runner.TestRunnerParallel1" name="runScenario" time="19.236">
    <error message="Unresolved compilation problem: 
	Syntax error, insert &quot;}&quot; to complete ClassBody
" type="java.lang.Error">
      <![CDATA[java.lang.Error: Unresolved compilation problem: 
Syntax error, insert "}" to complete ClassBody

at com.pages.UserPage.<init>(UserPage.java:547)
at com.stepDefinitionTestNG.Profile.user_launch_practo_website(Profile.java:41)
at ✽.user launch practo website(file:///C:/Users/dyamaa/SpritPracto/Practo/src/test/resources/Features/Profile.feature:5)
]]>
    </error>
  </testcase> <!-- runScenario -->
  <testcase classname="com.runner.TestRunnerParallel1" name="runScenario" time="19.481">
    <error message="Unresolved compilation problem: 
	Syntax error, insert &quot;}&quot; to complete ClassBody
" type="java.lang.Error">
      <![CDATA[java.lang.Error: Unresolved compilation problem: 
Syntax error, insert "}" to complete ClassBody

at com.pages.UserPage.<init>(UserPage.java:547)
at com.stepDefinitionTestNG.Profile.user_launches_practo_application(Profile.java:183)
at ✽.user launches Practo application(file:///C:/Users/dyamaa/SpritPracto/Practo/src/test/resources/Features/Profile.feature:39)
]]>
    </error>
  </testcase> <!-- runScenario -->
  <testcase classname="com.runner.TestRunnerParallel1" name="runScenario" time="5.482">
    <error message="The step &#039;when the user launches Practo home page&#039; and 4 other step(s) are undefined.
You can implement these steps using the snippet(s) below:

@Given(&quot;when the user launches Practo home page&quot;)
public void when_the_user_launches_practo_home_page() {
    // Write code here that turns the phrase above into concrete actions
    throw new io.cucumber.java.PendingException();
}
@When(&quot;user clicks on the search bar&quot;)
public void user_clicks_on_the_search_bar() {
    // Write code here that turns the phrase above into concrete actions
    throw new io.cucumber.java.PendingException();
}
@When(&quot;user enters an invalid doctor name&quot;)
public void user_enters_an_invalid_doctor_name() {
    // Write code here that turns the phrase above into concrete actions
    throw new io.cucumber.java.PendingException();
}
@When(&quot;user clicks on the Search button&quot;)
public void user_clicks_on_the_search_button() {
    // Write code here that turns the phrase above into concrete actions
    throw new io.cucumber.java.PendingException();
}
@Then(&quot;user should see a message No results found on the page&quot;)
public void user_should_see_a_message_no_results_found_on_the_page() {
    // Write code here that turns the phrase above into concrete actions
    throw new io.cucumber.java.PendingException();
}
" type="io.cucumber.testng.UndefinedStepException">
      <![CDATA[io.cucumber.testng.UndefinedStepException: The step 'when the user launches Practo home page' and 4 other step(s) are undefined.
You can implement these steps using the snippet(s) below:

@Given("when the user launches Practo home page")
public void when_the_user_launches_practo_home_page() {
    // Write code here that turns the phrase above into concrete actions
    throw new io.cucumber.java.PendingException();
}
@When("user clicks on the search bar")
public void user_clicks_on_the_search_bar() {
    // Write code here that turns the phrase above into concrete actions
    throw new io.cucumber.java.PendingException();
}
@When("user enters an invalid doctor name")
public void user_enters_an_invalid_doctor_name() {
    // Write code here that turns the phrase above into concrete actions
    throw new io.cucumber.java.PendingException();
}
@When("user clicks on the Search button")
public void user_clicks_on_the_search_button() {
    // Write code here that turns the phrase above into concrete actions
    throw new io.cucumber.java.PendingException();
}
@Then("user should see a message No results found on the page")
public void user_should_see_a_message_no_results_found_on_the_page() {
    // Write code here that turns the phrase above into concrete actions
    throw new io.cucumber.java.PendingException();
}

at ✽.when the user launches Practo home page(file:///C:/Users/dyamaa/SpritPracto/Practo/src/test/resources/Features/Profile.feature:76)
]]>
    </error>
  </testcase> <!-- runScenario -->
  <testcase classname="com.runner.TestRunnerParallel1" name="runScenario" time="19.793">
    <error message="Unresolved compilation problem: 
	Syntax error, insert &quot;}&quot; to complete ClassBody
" type="java.lang.Error">
      <![CDATA[java.lang.Error: Unresolved compilation problem: 
Syntax error, insert "}" to complete ClassBody

at com.pages.UserPage.<init>(UserPage.java:547)
at com.stepDefinitionTestNG.Profile.user_launches_practo_application(Profile.java:183)
at ✽.user launches Practo application(file:///C:/Users/dyamaa/SpritPracto/Practo/src/test/resources/Features/Profile.feature:39)
]]>
    </error>
  </testcase> <!-- runScenario -->
  <testcase classname="com.runner.TestRunnerParallel1" name="runScenario" time="19.980">
    <error message="Unresolved compilation problem: 
	Syntax error, insert &quot;}&quot; to complete ClassBody
" type="java.lang.Error">
      <![CDATA[java.lang.Error: Unresolved compilation problem: 
Syntax error, insert "}" to complete ClassBody

at com.pages.UserPage.<init>(UserPage.java:547)
at com.stepDefinitionTestNG.Profile.user_launches_practo_application(Profile.java:183)
at ✽.user launches Practo application(file:///C:/Users/dyamaa/SpritPracto/Practo/src/test/resources/Features/Profile.feature:39)
]]>
    </error>
  </testcase> <!-- runScenario -->
  <testcase classname="com.runner.TestRunnerParallel1" name="runScenario" time="19.339">
    <error message="Unresolved compilation problem: 
	Syntax error, insert &quot;}&quot; to complete ClassBody
" type="java.lang.Error">
      <![CDATA[java.lang.Error: Unresolved compilation problem: 
Syntax error, insert "}" to complete ClassBody

at com.pages.UserPage.<init>(UserPage.java:547)
at com.stepDefinitionTestNG.Profile.user_launches_practo_Web(Profile.java:233)
at ✽.user launches Practo web(file:///C:/Users/dyamaa/SpritPracto/Practo/src/test/resources/Features/Profile.feature:57)
]]>
    </error>
  </testcase> <!-- runScenario -->
  <testcase classname="com.runner.TestRunnerParallel1" name="runScenario" time="18.308">
    <error message="Unresolved compilation problem: 
	Syntax error, insert &quot;}&quot; to complete ClassBody
" type="java.lang.Error">
      <![CDATA[java.lang.Error: Unresolved compilation problem: 
Syntax error, insert "}" to complete ClassBody

at com.pages.UserPage.<init>(UserPage.java:547)
at com.stepDefinitionTestNG.Profile.user_launches_the_practo_home(Profile.java:74)
at ✽.user launches the Practo home(file:///C:/Users/dyamaa/SpritPracto/Practo/src/test/resources/Features/Profile.feature:15)
]]>
    </error>
  </testcase> <!-- runScenario -->
</testsuite> <!-- com.runner.TestRunnerParallel1 -->
