<?xml version="1.0" encoding="UTF-8"?>
<!-- Generated by org.testng.reporters.JUnitReportReporter -->
<testsuite hostname="LIN-5CD53088LC" failures="0" tests="1" name="com.runner.TestRunnerTestNG" time="10.098" errors="1" timestamp="2025-11-11T20:47:31 IST" skipped="0">
  <testcase classname="com.runner.TestRunnerTestNG" name="runScenario" time="10.098">
    <error type="java.lang.NullPointerException">
      <![CDATA[java.lang.NullPointerException
at java.base/java.io.FileInputStream.<init>(FileInputStream.java:151)
at java.base/java.io.FileInputStream.<init>(FileInputStream.java:112)
at com.parameters.ExcelReader.getSpecializationFromExcel(ExcelReader.java:19)
at com.pages.ProfilePage.enterSpecialization(ProfilePage.java:31)
at com.stepDefinitionTestNG.Profile.the_user_searches_for_the_dentists(Profile.java:49)
at ✽.the user searches for the Dentists(file:///C:/training/Java/SprintPracto/Practo/src/test/resources/Features/Profile.feature:7)
]]>
    </error>
  </testcase> <!-- runScenario -->
</testsuite> <!-- com.runner.TestRunnerTestNG -->
