<?xml version="1.0" encoding="UTF-8"?>
<!-- Generated by org.testng.reporters.JUnitReportReporter -->
<testsuite hostname="LIN-5CD53088LC" failures="0" tests="1" name="com.runner.TestRunner" time="2.584" errors="1" timestamp="2025-11-10T13:06:08 IST" skipped="0">
  <testcase classname="com.runner.TestRunner" name="runScenario" time="2.584">
    <error type="java.lang.NullPointerException">
      <![CDATA[java.lang.NullPointerException
at java.base/java.util.Objects.requireNonNull(Objects.java:220)
at java.base/java.util.ImmutableCollections$Map1.<init>(ImmutableCollections.java:1114)
at java.base/java.util.Map.of(Map.java:1364)
at org.openqa.selenium.remote.DriverCommand.GET(DriverCommand.java:176)
at org.openqa.selenium.remote.RemoteWebDriver.get(RemoteWebDriver.java:312)
at com.setup.BaseSteps.launchBrowser(BaseSteps.java:39)
at com.stepDefinitionTestNG.Hooks.setup(Hooks.java:13)
]]>
    </error>
  </testcase> <!-- runScenario -->
</testsuite> <!-- com.runner.TestRunner -->
