<?xml version="1.0" encoding="UTF-8"?>
<!-- Generated by org.testng.reporters.JUnitReportReporter -->
<testsuite hostname="LIN-5CG5173Y55" failures="0" tests="3" name="com.runner.TestRunner" time="14.602" errors="3" timestamp="2025-11-14T20:31:56 IST" skipped="0">
  <testcase classname="com.runner.TestRunner" name="runScenario" time="2.824">
    <error message="Could not initialize class com.parameters.PropertyReader" type="java.lang.NoClassDefFoundError">
      <![CDATA[java.lang.NoClassDefFoundError: Could not initialize class com.parameters.PropertyReader
at com.pages.UserPage.launchApplication(UserPage.java:343)
at com.stepDefinitionTestNG.Profile.user_launches_practo_application(Profile.java:294)
at ✽.user launches Practo application(file:///C:/Users/dyamaa/SpritPracto/Practo/src/test/resources/Features/Profile.feature:56)
Caused by: java.lang.ExceptionInInitializerError: Exception java.lang.RuntimeException: Failed to load profile.properties file. [in thread "main"]
at com.parameters.PropertyReader.<clinit>(PropertyReader.java:88)
... 3 more
]]>
    </error>
  </testcase> <!-- runScenario -->
  <testcase classname="com.runner.TestRunner" name="runScenario" time="9.121">
    <error type="java.lang.ExceptionInInitializerError">
      <![CDATA[java.lang.ExceptionInInitializerError
at com.pages.UserPage.launchApplication(UserPage.java:343)
at com.stepDefinitionTestNG.Profile.user_launches_practo_application(Profile.java:294)
at ✽.user launches Practo application(file:///C:/Users/dyamaa/SpritPracto/Practo/src/test/resources/Features/Profile.feature:56)
Caused by: java.lang.RuntimeException: Failed to load profile.properties file.
at com.parameters.PropertyReader.<clinit>(PropertyReader.java:88)
... 3 more
]]>
    </error>
  </testcase> <!-- runScenario -->
  <testcase classname="com.runner.TestRunner" name="runScenario" time="2.657">
    <error message="Could not initialize class com.parameters.PropertyReader" type="java.lang.NoClassDefFoundError">
      <![CDATA[java.lang.NoClassDefFoundError: Could not initialize class com.parameters.PropertyReader
at com.pages.UserPage.launchApplication(UserPage.java:343)
at com.stepDefinitionTestNG.Profile.user_launches_practo_application(Profile.java:294)
at ✽.user launches Practo application(file:///C:/Users/dyamaa/SpritPracto/Practo/src/test/resources/Features/Profile.feature:56)
Caused by: java.lang.ExceptionInInitializerError: Exception java.lang.RuntimeException: Failed to load profile.properties file. [in thread "main"]
at com.parameters.PropertyReader.<clinit>(PropertyReader.java:88)
... 3 more
]]>
    </error>
  </testcase> <!-- runScenario -->
</testsuite> <!-- com.runner.TestRunner -->
