[{"line":1,"uri":"file:src/test/resources/Features/Profile.feature","id":"navigate-to-top-booked-diagnostic-tests-on-practo","keyword":"Feature","name":"Navigate to Top Booked Diagnostic Tests on Practo","description":"","elements":[{"start_timestamp":"2025-11-12T05:49:59.997Z","line":3,"id":"navigate-to-top-booked-diagnostic-tests-on-practo;scroll-to-top-booked-diagnostic-tests-section","type":"scenario","keyword":"Scenario","name":"Scroll to Top Booked Diagnostic Tests section","description":"","steps":[{"keyword":"Given ","line":4,"match":{"location":"com.stepDefinitionTestNG.Profile.the_user_opens_the_practo_homepage()"},"name":"the user opens the Practo homepage","result":{"duration":7041800,"status":"failed","error_message":"io.cucumber.core.exception.CucumberException: Failed to instantiate class com.stepDefinitionTestNG.Profile\r\n\tat io.cucumber.core.backend.DefaultObjectFactory.cacheNewInstance(DefaultObjectFactory.java:67)\r\n\tat io.cucumber.core.backend.DefaultObjectFactory.getInstance(DefaultObjectFactory.java:45)\r\n\tat io.cucumber.java.AbstractGlueDefinition.invokeMethod(AbstractGlueDefinition.java:47)\r\n\tat io.cucumber.java.JavaStepDefinition.execute(JavaStepDefinition.java:29)\r\n\tat io.cucumber.core.runner.CoreStepDefinition.execute(CoreStepDefinition.java:66)\r\n\tat io.cucumber.core.runner.PickleStepDefinitionMatch.runStep(PickleStepDefinitionMatch.java:62)\r\n\tat io.cucumber.core.runner.ExecutionMode$1.execute(ExecutionMode.java:10)\r\n\tat io.cucumber.core.runner.TestStep.executeStep(TestStep.java:81)\r\n\tat io.cucumber.core.runner.TestStep.run(TestStep.java:53)\r\n\tat io.cucumber.core.runner.PickleStepTestStep.run(PickleStepTestStep.java:51)\r\n\tat io.cucumber.core.runner.TestCase.run(TestCase.java:87)\r\n\tat io.cucumber.core.runner.Runner.runPickle(Runner.java:78)\r\n\tat io.cucumber.testng.TestNGCucumberRunner.lambda$runScenario$1(TestNGCucumberRunner.java:135)\r\n\tat io.cucumber.core.runtime.CucumberExecutionContext.lambda$runTestCase$5(CucumberExecutionContext.java:136)\r\n\tat io.cucumber.core.runtime.RethrowingThrowableCollector.executeAndThrow(RethrowingThrowableCollector.java:23)\r\n\tat io.cucumber.core.runtime.CucumberExecutionContext.runTestCase(CucumberExecutionContext.java:136)\r\n\tat io.cucumber.testng.TestNGCucumberRunner.runScenario(TestNGCucumberRunner.java:132)\r\n\tat io.cucumber.testng.AbstractTestNGCucumberTests.runScenario(AbstractTestNGCucumberTests.java:35)\r\n\tat java.base/jdk.internal.reflect.DirectMethodHandleAccessor.invoke(DirectMethodHandleAccessor.java:104)\r\n\tat java.base/java.lang.reflect.Method.invoke(Method.java:565)\r\n\tat org.testng.internal.invokers.MethodInvocationHelper.invokeMethod(MethodInvocationHelper.java:141)\r\n\tat org.testng.internal.invokers.TestInvoker.invokeMethod(TestInvoker.java:687)\r\n\tat org.testng.internal.invokers.TestInvoker.invokeTestMethod(TestInvoker.java:230)\r\n\tat org.testng.internal.invokers.TestMethodWithDataProviderMethodWorker.call(TestMethodWithDataProviderMethodWorker.java:81)\r\n\tat org.testng.internal.thread.Async$AsyncTask.run(Async.java:34)\r\n\tat java.base/java.util.concurrent.ThreadPoolExecutor.runWorker(ThreadPoolExecutor.java:1090)\r\n\tat java.base/java.util.concurrent.ThreadPoolExecutor$Worker.run(ThreadPoolExecutor.java:614)\r\n\tat java.base/java.lang.Thread.run(Thread.java:1474)\r\nCaused by: java.lang.reflect.InvocationTargetException\r\n\tat java.base/jdk.internal.reflect.DirectConstructorHandleAccessor.newInstance(DirectConstructorHandleAccessor.java:74)\r\n\tat java.base/java.lang.reflect.Constructor.newInstanceWithCaller(Constructor.java:499)\r\n\tat java.base/java.lang.reflect.Constructor.newInstance(Constructor.java:483)\r\n\tat io.cucumber.core.backend.DefaultObjectFactory.cacheNewInstance(DefaultObjectFactory.java:53)\r\n\t... 27 more\r\nCaused by: java.lang.RuntimeException: Failed to load profile.properties file\r\n\tat com.setup.BaseSteps.<init>(BaseSteps.java:218)\r\n\tat com.stepDefinitionTestNG.Profile.<init>(Profile.java:860)\r\n\tat java.base/jdk.internal.reflect.DirectConstructorHandleAccessor.newInstance(DirectConstructorHandleAccessor.java:62)\r\n\t... 30 more\r\nCaused by: java.lang.NullPointerException: inStream parameter is null\r\n\tat java.base/java.util.Objects.requireNonNull(Objects.java:246)\r\n\tat java.base/java.util.Properties.load(Properties.java:409)\r\n\tat com.setup.BaseSteps.<init>(BaseSteps.java:213)\r\n\t... 32 more\r\n"}},{"keyword":"When ","line":5,"match":{"location":"com.stepDefinitionTestNG.Profile.the_user_clicks_on_the_lab_tests_module()"},"name":"the user clicks on the Lab Tests module","result":{"status":"skipped"}},{"keyword":"And ","line":6,"match":{"location":"com.stepDefinitionTestNG.Profile.the_user_scrolls_down_to_the_top_booked_diagnostic_tests_section()"},"name":"the user scrolls down to the Top Booked Diagnostic Tests section","result":{"duration":999800,"status":"skipped"}},{"keyword":"Then ","line":7,"match":{"location":"com.stepDefinitionTestNG.Profile.the_top_booked_diagnostic_tests_section_should_be_visible_to_the_user()"},"name":"the Top Booked Diagnostic Tests section should be visible to the user","result":{"duration":4002300,"status":"skipped"}}]}],"tags":[]}]