<?xml version="1.0" encoding="UTF-8"?>
<testng-results ignored="0" total="9" passed="9" failed="0" skipped="0">
  <reporter-output>
  </reporter-output>
  <suite started-at="2025-11-14T14:28:16 IST" name="Default suite" finished-at="2025-11-14T14:31:26 IST" duration-ms="189896">
    <groups>
      <group name="cucumber">
        <method signature="AbstractTestNGCucumberTests.runScenario(io.cucumber.testng.PickleWrapper,io.cucumber.testng.FeatureWrapper)[pri:0, instance:com.runner.TestRunnerTestNG@1649b0e6]" name="runScenario" class="io.cucumber.testng.AbstractTestNGCucumberTests"/>
      </group> <!-- cucumber -->
    </groups>
    <test started-at="2025-11-14T14:28:16 IST" name="Default test" finished-at="2025-11-14T14:31:26 IST" duration-ms="189896">
      <class name="com.runner.TestRunnerTestNG">
        <test-method is-config="true" signature="setUpClass(org.testng.ITestContext)[pri:0, instance:com.runner.TestRunnerTestNG@1649b0e6]" started-at="2025-11-14T14:28:16 IST" name="setUpClass" finished-at="2025-11-14T14:28:17 IST" duration-ms="908" status="PASS">
          <params>
            <param index="0">
              <value>
                <![CDATA[org.testng.TestRunner@2da5fdc]]>
              </value>
            </param>
          </params>
          <reporter-output>
          </reporter-output>
        </test-method> <!-- setUpClass -->
        <test-method signature="runScenario(io.cucumber.testng.PickleWrapper,io.cucumber.testng.FeatureWrapper)[pri:0, instance:com.runner.TestRunnerTestNG@1649b0e6]" started-at="2025-11-14T14:28:17 IST" name="runScenario" description="Runs Cucumber Scenarios" data-provider="scenarios" finished-at="2025-11-14T14:28:30 IST" duration-ms="12890" status="PASS">
          <params>
            <param index="0">
              <value>
                <![CDATA["Navigate to Lab Tests page"]]>
              </value>
            </param>
            <param index="1">
              <value>
                <![CDATA["Lab Tests Navigation"]]>
              </value>
            </param>
          </params>
          <reporter-output>
          </reporter-output>
        </test-method> <!-- runScenario -->
        <test-method signature="runScenario(io.cucumber.testng.PickleWrapper,io.cucumber.testng.FeatureWrapper)[pri:0, instance:com.runner.TestRunnerTestNG@1649b0e6]" started-at="2025-11-14T14:28:30 IST" name="runScenario" description="Runs Cucumber Scenarios" data-provider="scenarios" finished-at="2025-11-14T14:28:42 IST" duration-ms="11611" status="PASS">
          <params>
            <param index="0">
              <value>
                <![CDATA["Navigate to Lab Tests page and add Lipid Profile to cart"]]>
              </value>
            </param>
            <param index="1">
              <value>
                <![CDATA["Lab Tests Navigation"]]>
              </value>
            </param>
          </params>
          <reporter-output>
          </reporter-output>
        </test-method> <!-- runScenario -->
        <test-method signature="runScenario(io.cucumber.testng.PickleWrapper,io.cucumber.testng.FeatureWrapper)[pri:0, instance:com.runner.TestRunnerTestNG@1649b0e6]" started-at="2025-11-14T14:28:42 IST" name="runScenario" description="Runs Cucumber Scenarios" data-provider="scenarios" finished-at="2025-11-14T14:29:06 IST" duration-ms="23892" status="PASS">
          <params>
            <param index="0">
              <value>
                <![CDATA["Search for items in Lipid Profile page"]]>
              </value>
            </param>
            <param index="1">
              <value>
                <![CDATA["Lab Tests Navigation"]]>
              </value>
            </param>
          </params>
          <reporter-output>
          </reporter-output>
        </test-method> <!-- runScenario -->
        <test-method signature="runScenario(io.cucumber.testng.PickleWrapper,io.cucumber.testng.FeatureWrapper)[pri:0, instance:com.runner.TestRunnerTestNG@1649b0e6]" started-at="2025-11-14T14:29:06 IST" name="runScenario" description="Runs Cucumber Scenarios" data-provider="scenarios" finished-at="2025-11-14T14:29:27 IST" duration-ms="21229" status="PASS">
          <params>
            <param index="0">
              <value>
                <![CDATA["Search for items in Lipid Profile page"]]>
              </value>
            </param>
            <param index="1">
              <value>
                <![CDATA["Lab Tests Navigation"]]>
              </value>
            </param>
          </params>
          <reporter-output>
          </reporter-output>
        </test-method> <!-- runScenario -->
        <test-method signature="runScenario(io.cucumber.testng.PickleWrapper,io.cucumber.testng.FeatureWrapper)[pri:0, instance:com.runner.TestRunnerTestNG@1649b0e6]" started-at="2025-11-14T14:29:27 IST" name="runScenario" description="Runs Cucumber Scenarios" data-provider="scenarios" finished-at="2025-11-14T14:29:48 IST" duration-ms="21660" status="PASS">
          <params>
            <param index="0">
              <value>
                <![CDATA["Search for items in Lipid Profile page"]]>
              </value>
            </param>
            <param index="1">
              <value>
                <![CDATA["Lab Tests Navigation"]]>
              </value>
            </param>
          </params>
          <reporter-output>
          </reporter-output>
        </test-method> <!-- runScenario -->
        <test-method signature="runScenario(io.cucumber.testng.PickleWrapper,io.cucumber.testng.FeatureWrapper)[pri:0, instance:com.runner.TestRunnerTestNG@1649b0e6]" started-at="2025-11-14T14:29:48 IST" name="runScenario" description="Runs Cucumber Scenarios" data-provider="scenarios" finished-at="2025-11-14T14:30:17 IST" duration-ms="28609" status="PASS">
          <params>
            <param index="0">
              <value>
                <![CDATA["Search for items in Lipid Profile page"]]>
              </value>
            </param>
            <param index="1">
              <value>
                <![CDATA["Lab Tests Navigation"]]>
              </value>
            </param>
          </params>
          <reporter-output>
          </reporter-output>
        </test-method> <!-- runScenario -->
        <test-method signature="runScenario(io.cucumber.testng.PickleWrapper,io.cucumber.testng.FeatureWrapper)[pri:0, instance:com.runner.TestRunnerTestNG@1649b0e6]" started-at="2025-11-14T14:30:17 IST" name="runScenario" description="Runs Cucumber Scenarios" data-provider="scenarios" finished-at="2025-11-14T14:30:45 IST" duration-ms="28160" status="PASS">
          <params>
            <param index="0">
              <value>
                <![CDATA["Search for items in Lipid Profile page"]]>
              </value>
            </param>
            <param index="1">
              <value>
                <![CDATA["Lab Tests Navigation"]]>
              </value>
            </param>
          </params>
          <reporter-output>
          </reporter-output>
        </test-method> <!-- runScenario -->
        <test-method signature="runScenario(io.cucumber.testng.PickleWrapper,io.cucumber.testng.FeatureWrapper)[pri:0, instance:com.runner.TestRunnerTestNG@1649b0e6]" started-at="2025-11-14T14:30:45 IST" name="runScenario" description="Runs Cucumber Scenarios" data-provider="scenarios" finished-at="2025-11-14T14:31:13 IST" duration-ms="28100" status="PASS">
          <params>
            <param index="0">
              <value>
                <![CDATA["Search for items in Lipid Profile page"]]>
              </value>
            </param>
            <param index="1">
              <value>
                <![CDATA["Lab Tests Navigation"]]>
              </value>
            </param>
          </params>
          <reporter-output>
          </reporter-output>
        </test-method> <!-- runScenario -->
        <test-method signature="runScenario(io.cucumber.testng.PickleWrapper,io.cucumber.testng.FeatureWrapper)[pri:0, instance:com.runner.TestRunnerTestNG@1649b0e6]" started-at="2025-11-14T14:31:13 IST" name="runScenario" description="Runs Cucumber Scenarios" data-provider="scenarios" finished-at="2025-11-14T14:31:26 IST" duration-ms="12730" status="PASS">
          <params>
            <param index="0">
              <value>
                <![CDATA["Navigate to LabTest page and Book Now Cart"]]>
              </value>
            </param>
            <param index="1">
              <value>
                <![CDATA["Lab Tests Navigation"]]>
              </value>
            </param>
          </params>
          <reporter-output>
          </reporter-output>
        </test-method> <!-- runScenario -->
        <test-method is-config="true" signature="tearDownClass()[pri:0, instance:com.runner.TestRunnerTestNG@1649b0e6]" started-at="2025-11-14T14:31:26 IST" name="tearDownClass" finished-at="2025-11-14T14:31:26 IST" duration-ms="31" status="PASS">
          <reporter-output>
          </reporter-output>
        </test-method> <!-- tearDownClass -->
      </class> <!-- com.runner.TestRunnerTestNG -->
    </test> <!-- Default test -->
  </suite> <!-- Default suite -->
</testng-results>
