<?xml version="1.0" encoding="UTF-8"?>
<testng-results ignored="0" total="1" passed="0" failed="1" skipped="0">
  <reporter-output>
  </reporter-output>
  <suite started-at="2025-11-12T22:05:10 IST" name="Default suite" finished-at="2025-11-12T22:05:30 IST" duration-ms="20062">
    <groups>
      <group name="cucumber">
        <method signature="AbstractTestNGCucumberTests.runScenario(io.cucumber.testng.PickleWrapper,io.cucumber.testng.FeatureWrapper)[pri:0, instance:com.runner.TestRunner@1649b0e6]" name="runScenario" class="io.cucumber.testng.AbstractTestNGCucumberTests"/>
      </group> <!-- cucumber -->
    </groups>
    <test started-at="2025-11-12T22:05:10 IST" name="Default test" finished-at="2025-11-12T22:05:30 IST" duration-ms="20062">
      <class name="com.runner.TestRunner">
        <test-method is-config="true" signature="setUpClass(org.testng.ITestContext)[pri:0, instance:com.runner.TestRunner@1649b0e6]" started-at="2025-11-12T22:05:10 IST" name="setUpClass" finished-at="2025-11-12T22:05:10 IST" duration-ms="874" status="PASS">
          <params>
            <param index="0">
              <value>
                <![CDATA[org.testng.TestRunner@a7ad6e5]]>
              </value>
            </param>
          </params>
          <reporter-output>
          </reporter-output>
        </test-method> <!-- setUpClass -->
        <test-method signature="runScenario(io.cucumber.testng.PickleWrapper,io.cucumber.testng.FeatureWrapper)[pri:0, instance:com.runner.TestRunner@1649b0e6]" started-at="2025-11-12T22:05:10 IST" name="runScenario" description="Runs Cucumber Scenarios" data-provider="scenarios" finished-at="2025-11-12T22:05:30 IST" duration-ms="19097" status="FAIL">
          <params>
            <param index="0">
              <value>
                <![CDATA["Search for items in Lipid Profile page"]]>
              </value>
            </param>
            <param index="1">
              <value>
                <![CDATA["Lab Tests Navigation"]]>
              </value>
            </param>
          </params>
          <exception class="org.openqa.selenium.StaleElementReferenceException">
            <message>
              <![CDATA[stale element reference: stale element not found in the current frame
  (Session info: chrome=142.0.7444.135)
For documentation on this error, please visit: https://www.selenium.dev/documentation/webdriver/troubleshooting/errors#stale-element-reference-exception
Build info: version: '4.34.0', revision: '707dcb4246*'
System info: os.name: 'Windows 11', os.arch: 'amd64', os.version: '10.0', java.version: '23.0.2'
Driver info: org.openqa.selenium.chrome.ChromeDriver
Command: [6967b2af961a0cd3e008319a147b3a35, clickElement {id=f.F67FC9B85444F513B41654D2A0DA7FE0.d.460CBDC70AF6DC3B2597848AE41C2FC9.e.41}]
Capabilities {acceptInsecureCerts: false, browserName: chrome, browserVersion: 142.0.7444.135, chrome: {chromedriverVersion: 142.0.7444.162 (c076baf266c..., userDataDir: C:\Users\bolled\AppData\Loc...}, fedcm:accounts: true, goog:chromeOptions: {debuggerAddress: localhost:64469}, goog:processID: 17820, networkConnectionEnabled: false, pageLoadStrategy: normal, platformName: windows, proxy: Proxy(), se:cdp: ws://localhost:64469/devtoo..., se:cdpVersion: 142.0.7444.135, setWindowRect: true, strictFileInteractability: false, timeouts: {implicit: 0, pageLoad: 300000, script: 30000}, unhandledPromptBehavior: dismiss and notify, webauthn:extension:credBlob: true, webauthn:extension:largeBlob: true, webauthn:extension:minPinLength: true, webauthn:extension:prf: true, webauthn:virtualAuthenticators: true}
Element: [[ChromeDriver: chrome on windows (6967b2af961a0cd3e008319a147b3a35)] -> xpath: //input[@id='omniSearch']]
Session ID: 6967b2af961a0cd3e008319a147b3a35]]>
            </message>
            <full-stacktrace>
              <![CDATA[org.openqa.selenium.StaleElementReferenceException: stale element reference: stale element not found in the current frame
  (Session info: chrome=142.0.7444.135)
For documentation on this error, please visit: https://www.selenium.dev/documentation/webdriver/troubleshooting/errors#stale-element-reference-exception
Build info: version: '4.34.0', revision: '707dcb4246*'
System info: os.name: 'Windows 11', os.arch: 'amd64', os.version: '10.0', java.version: '23.0.2'
Driver info: org.openqa.selenium.chrome.ChromeDriver
Command: [6967b2af961a0cd3e008319a147b3a35, clickElement {id=f.F67FC9B85444F513B41654D2A0DA7FE0.d.460CBDC70AF6DC3B2597848AE41C2FC9.e.41}]
Capabilities {acceptInsecureCerts: false, browserName: chrome, browserVersion: 142.0.7444.135, chrome: {chromedriverVersion: 142.0.7444.162 (c076baf266c..., userDataDir: C:\Users\bolled\AppData\Loc...}, fedcm:accounts: true, goog:chromeOptions: {debuggerAddress: localhost:64469}, goog:processID: 17820, networkConnectionEnabled: false, pageLoadStrategy: normal, platformName: windows, proxy: Proxy(), se:cdp: ws://localhost:64469/devtoo..., se:cdpVersion: 142.0.7444.135, setWindowRect: true, strictFileInteractability: false, timeouts: {implicit: 0, pageLoad: 300000, script: 30000}, unhandledPromptBehavior: dismiss and notify, webauthn:extension:credBlob: true, webauthn:extension:largeBlob: true, webauthn:extension:minPinLength: true, webauthn:extension:prf: true, webauthn:virtualAuthenticators: true}
Element: [[ChromeDriver: chrome on windows (6967b2af961a0cd3e008319a147b3a35)] -> xpath: //input[@id='omniSearch']]
Session ID: 6967b2af961a0cd3e008319a147b3a35
at java.base/jdk.internal.reflect.DirectConstructorHandleAccessor.newInstance(DirectConstructorHandleAccessor.java:62)
at java.base/java.lang.reflect.Constructor.newInstanceWithCaller(Constructor.java:501)
at java.base/java.lang.reflect.Constructor.newInstance(Constructor.java:485)
at org.openqa.selenium.remote.ErrorCodec.decode(ErrorCodec.java:167)
at org.openqa.selenium.remote.codec.w3c.W3CHttpResponseCodec.decode(W3CHttpResponseCodec.java:138)
at org.openqa.selenium.remote.codec.w3c.W3CHttpResponseCodec.decode(W3CHttpResponseCodec.java:50)
at org.openqa.selenium.remote.HttpCommandExecutor.execute(HttpCommandExecutor.java:215)
at org.openqa.selenium.remote.service.DriverCommandExecutor.invokeExecute(DriverCommandExecutor.java:216)
at org.openqa.selenium.remote.service.DriverCommandExecutor.execute(DriverCommandExecutor.java:174)
at org.openqa.selenium.remote.RemoteWebDriver.execute(RemoteWebDriver.java:544)
at org.openqa.selenium.remote.RemoteWebElement.execute(RemoteWebElement.java:223)
at org.openqa.selenium.remote.RemoteWebElement.click(RemoteWebElement.java:76)
at java.base/jdk.internal.reflect.DirectMethodHandleAccessor.invoke(DirectMethodHandleAccessor.java:103)
at java.base/java.lang.reflect.Method.invoke(Method.java:580)
at org.openqa.selenium.support.pagefactory.internal.LocatingElementHandler.invoke(LocatingElementHandler.java:51)
at jdk.proxy2/jdk.proxy2.$Proxy25.click(Unknown Source)
at com.pages.HomePage.clickTests(HomePage.java:102)
at com.stepDefinitionTestNG.LabTest.click_on_search(LabTest.java:69)
at ✽.click on search(file:///C:/training/java/SprintPracto/Practo/src/test/resources/feature/Profile.feature:33)
]]>
            </full-stacktrace>
          </exception> <!-- org.openqa.selenium.StaleElementReferenceException -->
          <reporter-output>
          </reporter-output>
        </test-method> <!-- runScenario -->
        <test-method is-config="true" signature="tearDownClass()[pri:0, instance:com.runner.TestRunner@1649b0e6]" started-at="2025-11-12T22:05:30 IST" name="tearDownClass" finished-at="2025-11-12T22:05:30 IST" duration-ms="35" status="PASS">
          <reporter-output>
          </reporter-output>
        </test-method> <!-- tearDownClass -->
      </class> <!-- com.runner.TestRunner -->
    </test> <!-- Default test -->
  </suite> <!-- Default suite -->
</testng-results>
