<?xml version="1.0" encoding="UTF-8"?>
<testng-results ignored="0" total="2" passed="2" failed="0" skipped="0">
  <reporter-output>
  </reporter-output>
  <suite started-at="2025-11-12T11:48:43 IST" name="Default suite" finished-at="2025-11-12T11:49:23 IST" duration-ms="40500">
    <groups>
      <group name="cucumber">
        <method signature="AbstractTestNGCucumberTests.runScenario(io.cucumber.testng.PickleWrapper,io.cucumber.testng.FeatureWrapper)[pri:0, instance:com.runner.TestRunner@1649b0e6]" name="runScenario" class="io.cucumber.testng.AbstractTestNGCucumberTests"/>
      </group> <!-- cucumber -->
    </groups>
    <test started-at="2025-11-12T11:48:43 IST" name="Default test" finished-at="2025-11-12T11:49:23 IST" duration-ms="40500">
      <class name="com.runner.TestRunner">
        <test-method is-config="true" signature="setUpClass(org.testng.ITestContext)[pri:0, instance:com.runner.TestRunner@1649b0e6]" started-at="2025-11-12T11:48:43 IST" name="setUpClass" finished-at="2025-11-12T11:48:43 IST" duration-ms="821" status="PASS">
          <params>
            <param index="0">
              <value>
                <![CDATA[org.testng.TestRunner@17d32e9b]]>
              </value>
            </param>
          </params>
          <reporter-output>
          </reporter-output>
        </test-method> <!-- setUpClass -->
        <test-method signature="runScenario(io.cucumber.testng.PickleWrapper,io.cucumber.testng.FeatureWrapper)[pri:0, instance:com.runner.TestRunner@1649b0e6]" started-at="2025-11-12T11:48:43 IST" name="runScenario" description="Runs Cucumber Scenarios" data-provider="scenarios" finished-at="2025-11-12T11:49:01 IST" duration-ms="17764" status="PASS">
          <params>
            <param index="0">
              <value>
                <![CDATA["Navigate to Lab Tests page"]]>
              </value>
            </param>
            <param index="1">
              <value>
                <![CDATA["Lab Tests Navigation"]]>
              </value>
            </param>
          </params>
          <reporter-output>
          </reporter-output>
        </test-method> <!-- runScenario -->
        <test-method signature="runScenario(io.cucumber.testng.PickleWrapper,io.cucumber.testng.FeatureWrapper)[pri:0, instance:com.runner.TestRunner@1649b0e6]" started-at="2025-11-12T11:49:01 IST" name="runScenario" description="Runs Cucumber Scenarios" data-provider="scenarios" finished-at="2025-11-12T11:49:23 IST" duration-ms="21824" status="PASS">
          <params>
            <param index="0">
              <value>
                <![CDATA["Navigate to Lab Tests page and add Lipid Profile to cart"]]>
              </value>
            </param>
            <param index="1">
              <value>
                <![CDATA["Lab Tests Navigation"]]>
              </value>
            </param>
          </params>
          <reporter-output>
          </reporter-output>
        </test-method> <!-- runScenario -->
        <test-method is-config="true" signature="tearDownClass()[pri:0, instance:com.runner.TestRunner@1649b0e6]" started-at="2025-11-12T11:49:23 IST" name="tearDownClass" finished-at="2025-11-12T11:49:23 IST" duration-ms="28" status="PASS">
          <reporter-output>
          </reporter-output>
        </test-method> <!-- tearDownClass -->
      </class> <!-- com.runner.TestRunner -->
    </test> <!-- Default test -->
  </suite> <!-- Default suite -->
</testng-results>
