<?xml version="1.0" encoding="UTF-8"?>
<testng-results ignored="0" total="6" passed="6" failed="0" skipped="0">
  <reporter-output>
  </reporter-output>
  <suite started-at="2025-11-13T15:23:09 IST" name="Default suite" finished-at="2025-11-13T15:25:25 IST" duration-ms="136078">
    <groups>
      <group name="cucumber">
        <method signature="AbstractTestNGCucumberTests.runScenario(io.cucumber.testng.PickleWrapper,io.cucumber.testng.FeatureWrapper)[pri:0, instance:com.runner.TestRunnerTestNG@1649b0e6]" name="runScenario" class="io.cucumber.testng.AbstractTestNGCucumberTests"/>
      </group> <!-- cucumber -->
    </groups>
    <test started-at="2025-11-13T15:23:09 IST" name="Default test" finished-at="2025-11-13T15:25:25 IST" duration-ms="136078">
      <class name="com.runner.TestRunnerTestNG">
        <test-method is-config="true" signature="setUpClass(org.testng.ITestContext)[pri:0, instance:com.runner.TestRunnerTestNG@1649b0e6]" started-at="2025-11-13T15:23:09 IST" name="setUpClass" finished-at="2025-11-13T15:23:09 IST" duration-ms="881" status="PASS">
          <params>
            <param index="0">
              <value>
                <![CDATA[org.testng.TestRunner@23ec2bdc]]>
              </value>
            </param>
          </params>
          <reporter-output>
          </reporter-output>
        </test-method> <!-- setUpClass -->
        <test-method signature="runScenario(io.cucumber.testng.PickleWrapper,io.cucumber.testng.FeatureWrapper)[pri:0, instance:com.runner.TestRunnerTestNG@1649b0e6]" started-at="2025-11-13T15:23:09 IST" name="runScenario" description="Runs Cucumber Scenarios" data-provider="scenarios" finished-at="2025-11-13T15:23:33 IST" duration-ms="23558" status="PASS">
          <params>
            <param index="0">
              <value>
                <![CDATA["Navigate from homepage and book hospital with valid details"]]>
              </value>
            </param>
            <param index="1">
              <value>
                <![CDATA["Practo Hospital Search and Booking"]]>
              </value>
            </param>
          </params>
          <reporter-output>
          </reporter-output>
        </test-method> <!-- runScenario -->
        <test-method signature="runScenario(io.cucumber.testng.PickleWrapper,io.cucumber.testng.FeatureWrapper)[pri:0, instance:com.runner.TestRunnerTestNG@1649b0e6]" started-at="2025-11-13T15:23:33 IST" name="runScenario" description="Runs Cucumber Scenarios" data-provider="scenarios" finished-at="2025-11-13T15:23:55 IST" duration-ms="22168" status="PASS">
          <params>
            <param index="0">
              <value>
                <![CDATA["Navigate from homepage to hospital overview page"]]>
              </value>
            </param>
            <param index="1">
              <value>
                <![CDATA["Practo Hospital Search and Booking"]]>
              </value>
            </param>
          </params>
          <reporter-output>
          </reporter-output>
        </test-method> <!-- runScenario -->
        <test-method signature="runScenario(io.cucumber.testng.PickleWrapper,io.cucumber.testng.FeatureWrapper)[pri:0, instance:com.runner.TestRunnerTestNG@1649b0e6]" started-at="2025-11-13T15:23:55 IST" name="runScenario" description="Runs Cucumber Scenarios" data-provider="scenarios" finished-at="2025-11-13T15:24:17 IST" duration-ms="22291" status="PASS">
          <params>
            <param index="0">
              <value>
                <![CDATA["Navigate from homepage and search City from name"]]>
              </value>
            </param>
            <param index="1">
              <value>
                <![CDATA["Practo Hospital Search and Booking"]]>
              </value>
            </param>
          </params>
          <reporter-output>
          </reporter-output>
        </test-method> <!-- runScenario -->
        <test-method signature="runScenario(io.cucumber.testng.PickleWrapper,io.cucumber.testng.FeatureWrapper)[pri:0, instance:com.runner.TestRunnerTestNG@1649b0e6]" started-at="2025-11-13T15:24:17 IST" name="runScenario" description="Runs Cucumber Scenarios" data-provider="scenarios" finished-at="2025-11-13T15:24:41 IST" duration-ms="23143" status="PASS">
          <params>
            <param index="0">
              <value>
                <![CDATA["Navigate from homepage and search City from name"]]>
              </value>
            </param>
            <param index="1">
              <value>
                <![CDATA["Practo Hospital Search and Booking"]]>
              </value>
            </param>
          </params>
          <reporter-output>
          </reporter-output>
        </test-method> <!-- runScenario -->
        <test-method signature="runScenario(io.cucumber.testng.PickleWrapper,io.cucumber.testng.FeatureWrapper)[pri:0, instance:com.runner.TestRunnerTestNG@1649b0e6]" started-at="2025-11-13T15:24:41 IST" name="runScenario" description="Runs Cucumber Scenarios" data-provider="scenarios" finished-at="2025-11-13T15:25:00 IST" duration-ms="19766" status="PASS">
          <params>
            <param index="0">
              <value>
                <![CDATA["Navigate from homepage and search hospital by name"]]>
              </value>
            </param>
            <param index="1">
              <value>
                <![CDATA["Practo Hospital Search and Booking"]]>
              </value>
            </param>
          </params>
          <reporter-output>
          </reporter-output>
        </test-method> <!-- runScenario -->
        <test-method signature="runScenario(io.cucumber.testng.PickleWrapper,io.cucumber.testng.FeatureWrapper)[pri:0, instance:com.runner.TestRunnerTestNG@1649b0e6]" started-at="2025-11-13T15:25:00 IST" name="runScenario" description="Runs Cucumber Scenarios" data-provider="scenarios" finished-at="2025-11-13T15:25:24 IST" duration-ms="23545" status="PASS">
          <params>
            <param index="0">
              <value>
                <![CDATA["Navigate from homepage and search hospital by name"]]>
              </value>
            </param>
            <param index="1">
              <value>
                <![CDATA["Practo Hospital Search and Booking"]]>
              </value>
            </param>
          </params>
          <reporter-output>
          </reporter-output>
        </test-method> <!-- runScenario -->
        <test-method is-config="true" signature="tearDownClass()[pri:0, instance:com.runner.TestRunnerTestNG@1649b0e6]" started-at="2025-11-13T15:25:24 IST" name="tearDownClass" finished-at="2025-11-13T15:25:25 IST" duration-ms="669" status="PASS">
          <reporter-output>
          </reporter-output>
        </test-method> <!-- tearDownClass -->
      </class> <!-- com.runner.TestRunnerTestNG -->
    </test> <!-- Default test -->
  </suite> <!-- Default suite -->
</testng-results>
