<?xml version="1.0" encoding="UTF-8"?>
<testng-results ignored="0" total="2" passed="0" failed="2" skipped="0">
  <reporter-output>
  </reporter-output>
  <suite started-at="2025-11-12T20:59:08 IST" name="Default suite" finished-at="2025-11-12T21:00:27 IST" duration-ms="78157">
    <groups>
      <group name="cucumber">
        <method signature="AbstractTestNGCucumberTests.runScenario(io.cucumber.testng.PickleWrapper,io.cucumber.testng.FeatureWrapper)[pri:0, instance:com.runner.TestRunnerTestNG@1649b0e6]" name="runScenario" class="io.cucumber.testng.AbstractTestNGCucumberTests"/>
      </group> <!-- cucumber -->
    </groups>
    <test started-at="2025-11-12T20:59:08 IST" name="Default test" finished-at="2025-11-12T21:00:27 IST" duration-ms="78157">
      <class name="com.runner.TestRunnerTestNG">
        <test-method is-config="true" signature="setUpClass(org.testng.ITestContext)[pri:0, instance:com.runner.TestRunnerTestNG@1649b0e6]" started-at="2025-11-12T20:59:08 IST" name="setUpClass" finished-at="2025-11-12T20:59:09 IST" duration-ms="853" status="PASS">
          <params>
            <param index="0">
              <value>
                <![CDATA[org.testng.TestRunner@1a2e563e]]>
              </value>
            </param>
          </params>
          <reporter-output>
          </reporter-output>
        </test-method> <!-- setUpClass -->
        <test-method signature="runScenario(io.cucumber.testng.PickleWrapper,io.cucumber.testng.FeatureWrapper)[pri:0, instance:com.runner.TestRunnerTestNG@1649b0e6]" started-at="2025-11-12T20:59:09 IST" name="runScenario" description="Runs Cucumber Scenarios" data-provider="scenarios" finished-at="2025-11-12T20:59:49 IST" duration-ms="39326" status="FAIL">
          <params>
            <param index="0">
              <value>
                <![CDATA["Navigate from homepage and book hospital with valid details"]]>
              </value>
            </param>
            <param index="1">
              <value>
                <![CDATA["Practo Hospital Search and Booking"]]>
              </value>
            </param>
          </params>
          <exception class="java.lang.NullPointerException">
            <message>
              <![CDATA[Cannot invoke "org.openqa.selenium.support.ui.FluentWait.until(java.util.function.Function)" because "wait" is null]]>
            </message>
            <full-stacktrace>
              <![CDATA[java.lang.NullPointerException: Cannot invoke "org.openqa.selenium.support.ui.FluentWait.until(java.util.function.Function)" because "wait" is null
at com.stepDefinitionTestNG.PractoProfile.enterCityNameFromExcel(PractoProfile.java:256)
at ✽.user enters city name from sheet 0 and row 1 and selects suggestions(file:///C:/Training/SprintPracto/Practo/src/test/resources/com/features/Login.feature:80)
]]>
            </full-stacktrace>
          </exception> <!-- java.lang.NullPointerException -->
          <reporter-output>
          </reporter-output>
        </test-method> <!-- runScenario -->
        <test-method signature="runScenario(io.cucumber.testng.PickleWrapper,io.cucumber.testng.FeatureWrapper)[pri:0, instance:com.runner.TestRunnerTestNG@1649b0e6]" started-at="2025-11-12T20:59:49 IST" name="runScenario" description="Runs Cucumber Scenarios" data-provider="scenarios" finished-at="2025-11-12T21:00:26 IST" duration-ms="37353" status="FAIL">
          <params>
            <param index="0">
              <value>
                <![CDATA["Navigate from homepage and book hospital with valid details"]]>
              </value>
            </param>
            <param index="1">
              <value>
                <![CDATA["Practo Hospital Search and Booking"]]>
              </value>
            </param>
          </params>
          <exception class="java.lang.NullPointerException">
            <message>
              <![CDATA[Cannot invoke "org.openqa.selenium.support.ui.FluentWait.until(java.util.function.Function)" because "wait" is null]]>
            </message>
            <full-stacktrace>
              <![CDATA[java.lang.NullPointerException: Cannot invoke "org.openqa.selenium.support.ui.FluentWait.until(java.util.function.Function)" because "wait" is null
at com.stepDefinitionTestNG.PractoProfile.enterCityNameFromExcel(PractoProfile.java:256)
at ✽.user enters city name from sheet 0 and row 2 and selects suggestions(file:///C:/Training/SprintPracto/Practo/src/test/resources/com/features/Login.feature:80)
]]>
            </full-stacktrace>
          </exception> <!-- java.lang.NullPointerException -->
          <reporter-output>
          </reporter-output>
        </test-method> <!-- runScenario -->
        <test-method is-config="true" signature="tearDownClass()[pri:0, instance:com.runner.TestRunnerTestNG@1649b0e6]" started-at="2025-11-12T21:00:26 IST" name="tearDownClass" finished-at="2025-11-12T21:00:27 IST" duration-ms="576" status="PASS">
          <reporter-output>
          </reporter-output>
        </test-method> <!-- tearDownClass -->
      </class> <!-- com.runner.TestRunnerTestNG -->
    </test> <!-- Default test -->
  </suite> <!-- Default suite -->
</testng-results>
