<?xml version="1.0" encoding="UTF-8"?>
<!-- Generated by org.testng.reporters.JUnitReportReporter -->
<testsuite hostname="LIN-5CD53088KC" failures="0" tests="9" name="com.runner.TestRunnerTestNG" time="396.549" errors="0" timestamp="2025-11-16T16:21:42 IST" skipped="0">
  <testcase classname="com.runner.TestRunnerTestNG" name="runScenario" time="57.236"/>
  <testcase classname="com.runner.TestRunnerTestNG" name="runScenario" time="31.617"/>
  <testcase classname="com.runner.TestRunnerTestNG" name="runScenario" time="47.269"/>
  <testcase classname="com.runner.TestRunnerTestNG" name="runScenario" time="42.753"/>
  <testcase classname="com.runner.TestRunnerTestNG" name="runScenario" time="41.638"/>
  <testcase classname="com.runner.TestRunnerTestNG" name="runScenario" time="46.618"/>
  <testcase classname="com.runner.TestRunnerTestNG" name="runScenario" time="42.950"/>
  <testcase classname="com.runner.TestRunnerTestNG" name="runScenario" time="46.228"/>
  <testcase classname="com.runner.TestRunnerTestNG" name="runScenario" time="40.240"/>
</testsuite> <!-- com.runner.TestRunnerTestNG -->
