<?xml version="1.0" encoding="UTF-8"?>
<!-- Generated by org.testng.reporters.JUnitReportReporter -->
<testsuite hostname="LIN-5CD53088KC" failures="0" tests="9" name="com.runner.TestRunnerTestNG" time="188.881" errors="0" timestamp="2025-11-14T14:31:26 IST" skipped="0">
  <testcase classname="com.runner.TestRunnerTestNG" name="runScenario" time="12.890"/>
  <testcase classname="com.runner.TestRunnerTestNG" name="runScenario" time="11.611"/>
  <testcase classname="com.runner.TestRunnerTestNG" name="runScenario" time="21.660"/>
  <testcase classname="com.runner.TestRunnerTestNG" name="runScenario" time="28.609"/>
  <testcase classname="com.runner.TestRunnerTestNG" name="runScenario" time="28.160"/>
  <testcase classname="com.runner.TestRunnerTestNG" name="runScenario" time="23.892"/>
  <testcase classname="com.runner.TestRunnerTestNG" name="runScenario" time="28.100"/>
  <testcase classname="com.runner.TestRunnerTestNG" name="runScenario" time="12.730"/>
  <testcase classname="com.runner.TestRunnerTestNG" name="runScenario" time="21.229"/>
</testsuite> <!-- com.runner.TestRunnerTestNG -->
