<?xml version="1.0" encoding="UTF-8"?>
<!-- Generated by org.testng.reporters.JUnitReportReporter -->
<testsuite hostname="LIN-5CD53088KC" failures="0" tests="9" name="com.runner.TestRunnerTestNG" time="274.233" errors="0" timestamp="2025-11-14T18:11:15 IST" skipped="0">
  <testcase classname="com.runner.TestRunnerTestNG" name="runScenario" time="20.591"/>
  <testcase classname="com.runner.TestRunnerTestNG" name="runScenario" time="32.776"/>
  <testcase classname="com.runner.TestRunnerTestNG" name="runScenario" time="29.763"/>
  <testcase classname="com.runner.TestRunnerTestNG" name="runScenario" time="39.079"/>
  <testcase classname="com.runner.TestRunnerTestNG" name="runScenario" time="36.937"/>
  <testcase classname="com.runner.TestRunnerTestNG" name="runScenario" time="20.777"/>
  <testcase classname="com.runner.TestRunnerTestNG" name="runScenario" time="36.215"/>
  <testcase classname="com.runner.TestRunnerTestNG" name="runScenario" time="30.382"/>
  <testcase classname="com.runner.TestRunnerTestNG" name="runScenario" time="27.713"/>
</testsuite> <!-- com.runner.TestRunnerTestNG -->
