<?xml version="1.0" encoding="UTF-8"?>
<testsuite name="Cucumber" time="35.346" tests="1" skipped="0" failures="1" errors="0" timestamp="2025-11-17T14:17:00.895526200Z">
<testcase classname="Lab Tests Navigation" name="Search for an invalid doctor and validate No results found message" time="34.464">
<failure type="java.lang.AssertionError" message="Validation failed for No results message expected [true] but found [false]">
<![CDATA[java.lang.AssertionError: Validation failed for No results message expected [true] but found [false]
	at org.testng.Assert.fail(Assert.java:111)
	at org.testng.Assert.failNotEquals(Assert.java:1590)
	at org.testng.Assert.assertTrue(Assert.java:57)
	at com.stepDefinitionTestNG.Profile.user_should_see_a_message_no_results_found_on_the_page(Profile.java:407)
	at âœ½.user should see a message No results found on the page(file:///C:/Users/dyamaa/SpritPracto/Practo/src/test/resources/Features/Profile.feature:80)
]]>
</failure>
<system-out><![CDATA[
Given when the user launches Practo home page...............................passed
When user clicks on the search bar..........................................passed
And user enters an invalid doctor name......................................passed
And user selects a suggestion from dropdown.................................passed
Then user should see a message No results found on the page.................failed
]]></system-out>
</testcase>
</testsuite>
