<?xml version="1.0" encoding="UTF-8"?>
<testsuite name="Cucumber" time="36.567" tests="1" skipped="0" failures="1" errors="0" timestamp="2025-11-17T13:16:08.882661200Z">
<testcase classname="Home Page Footer Navigation" name="Validate Footer Contains Search for clinics click - #1.1" time="29.347">
<failure type="org.openqa.selenium.TimeoutException" message="Expected condition failed: waiting for visibility of element located by By.xpath: //div[contains(text(), 'abc123')] (tried for 10 second(s) with 500 milliseconds interval)
Build info: version: '4.34.0', revision: '707dcb4246*'
System info: os.name: 'Windows 11', os.arch: 'amd64', os.version: '10.0', java.version: '21.0.8'
Driver info: org.openqa.selenium.chrome.ChromeDriver
Capabilities {acceptInsecureCerts: false, browserName: chrome, browserVersion: 142.0.7444.163, chrome: {chromedriverVersion: 142.0.7444.162 (c076baf266c..., userDataDir: C:\Users\sripath\AppData\Lo...}, fedcm:accounts: true, goog:chromeOptions: {debuggerAddress: localhost:56453}, goog:processID: 8756, networkConnectionEnabled: false, pageLoadStrategy: normal, platformName: windows, proxy: Proxy(), se:cdp: ws://localhost:56453/devtoo..., se:cdpVersion: 142.0.7444.163, setWindowRect: true, strictFileInteractability: false, timeouts: {implicit: 0, pageLoad: 300000, script: 30000}, unhandledPromptBehavior: dismiss and notify, webauthn:extension:credBlob: true, webauthn:extension:largeBlob: true, webauthn:extension:minPinLength: true, webauthn:extension:prf: true, webauthn:virtualAuthenticators: true}
Session ID: e8e3c21ed808d2a94ce5f7c7a2409281">
<![CDATA[org.openqa.selenium.TimeoutException: Expected condition failed: waiting for visibility of element located by By.xpath: //div[contains(text(), 'abc123')] (tried for 10 second(s) with 500 milliseconds interval)
Build info: version: '4.34.0', revision: '707dcb4246*'
System info: os.name: 'Windows 11', os.arch: 'amd64', os.version: '10.0', java.version: '21.0.8'
Driver info: org.openqa.selenium.chrome.ChromeDriver
Capabilities {acceptInsecureCerts: false, browserName: chrome, browserVersion: 142.0.7444.163, chrome: {chromedriverVersion: 142.0.7444.162 (c076baf266c..., userDataDir: C:\Users\sripath\AppData\Lo...}, fedcm:accounts: true, goog:chromeOptions: {debuggerAddress: localhost:56453}, goog:processID: 8756, networkConnectionEnabled: false, pageLoadStrategy: normal, platformName: windows, proxy: Proxy(), se:cdp: ws://localhost:56453/devtoo..., se:cdpVersion: 142.0.7444.163, setWindowRect: true, strictFileInteractability: false, timeouts: {implicit: 0, pageLoad: 300000, script: 30000}, unhandledPromptBehavior: dismiss and notify, webauthn:extension:credBlob: true, webauthn:extension:largeBlob: true, webauthn:extension:minPinLength: true, webauthn:extension:prf: true, webauthn:virtualAuthenticators: true}
Session ID: e8e3c21ed808d2a94ce5f7c7a2409281
	at org.openqa.selenium.support.ui.WebDriverWait.timeoutException(WebDriverWait.java:84)
	at org.openqa.selenium.support.ui.FluentWait.until(FluentWait.java:228)
	at com.pages.userpage.applylocationFilter(userpage.java:60)
	at com.stepDefinitionTestNG.Profile.user_applies_a_location1_filter_from_sheet_at_row_index(Profile.java:253)
	at âœ½.User applies a location1 filter from sheet 1 at RowIndex 1(file:///C:/Training/SprintPracto/Practo/src/test/resources/Features/Profile.feature:68)
]]>
</failure>
<system-out><![CDATA[
Given User is on the Home page..............................................passed
And User scrolls to the footer section......................................passed
When The footer should contain a visible link labeled Search for clinics....passed
And User clicks on the Search for clinics link..............................passed
And User applies a location1 filter from sheet 1 at RowIndex 1..............failed
Then Filtered clinic results should be displayed............................skipped
]]></system-out>
</testcase>
</testsuite>
