<?xml version="1.0" encoding="UTF-8"?>
<!-- Generated by org.testng.reporters.JUnitReportReporter -->
<testsuite hostname="LIN-5CD53088J3" failures="0" tests="6" name="com.runner.TestRunnerTestNG" time="134.471" errors="0" timestamp="2025-11-13T15:25:25 IST" skipped="0">
  <testcase classname="com.runner.TestRunnerTestNG" name="runScenario" time="23.143"/>
  <testcase classname="com.runner.TestRunnerTestNG" name="runScenario" time="23.545"/>
  <testcase classname="com.runner.TestRunnerTestNG" name="runScenario" time="22.168"/>
  <testcase classname="com.runner.TestRunnerTestNG" name="runScenario" time="22.291"/>
  <testcase classname="com.runner.TestRunnerTestNG" name="runScenario" time="19.766"/>
  <testcase classname="com.runner.TestRunnerTestNG" name="runScenario" time="23.558"/>
</testsuite> <!-- com.runner.TestRunnerTestNG -->
