<?xml version="1.0" encoding="UTF-8"?>
<!-- Generated by org.testng.reporters.JUnitReportReporter -->
<testsuite hostname="LIN-5CD53088J3" failures="0" tests="2" name="com.runner.TestRunnerTestNG" time="76.679" errors="2" timestamp="2025-11-12T21:00:27 IST" skipped="0">
  <testcase classname="com.runner.TestRunnerTestNG" name="runScenario" time="39.326">
    <error message="Cannot invoke &quot;org.openqa.selenium.support.ui.FluentWait.until(java.util.function.Function)&quot; because &quot;wait&quot; is null" type="java.lang.NullPointerException">
      <![CDATA[java.lang.NullPointerException: Cannot invoke "org.openqa.selenium.support.ui.FluentWait.until(java.util.function.Function)" because "wait" is null
at com.stepDefinitionTestNG.PractoProfile.enterCityNameFromExcel(PractoProfile.java:256)
at ✽.user enters city name from sheet 0 and row 1 and selects suggestions(file:///C:/Training/SprintPracto/Practo/src/test/resources/com/features/Login.feature:80)
]]>
    </error>
  </testcase> <!-- runScenario -->
  <testcase classname="com.runner.TestRunnerTestNG" name="runScenario" time="37.353">
    <error message="Cannot invoke &quot;org.openqa.selenium.support.ui.FluentWait.until(java.util.function.Function)&quot; because &quot;wait&quot; is null" type="java.lang.NullPointerException">
      <![CDATA[java.lang.NullPointerException: Cannot invoke "org.openqa.selenium.support.ui.FluentWait.until(java.util.function.Function)" because "wait" is null
at com.stepDefinitionTestNG.PractoProfile.enterCityNameFromExcel(PractoProfile.java:256)
at ✽.user enters city name from sheet 0 and row 2 and selects suggestions(file:///C:/Training/SprintPracto/Practo/src/test/resources/com/features/Login.feature:80)
]]>
    </error>
  </testcase> <!-- runScenario -->
</testsuite> <!-- com.runner.TestRunnerTestNG -->
