<?xml version="1.0" encoding="UTF-8"?>
<testng-results ignored="0" total="1" passed="0" failed="1" skipped="0">
  <reporter-output>
  </reporter-output>
  <suite started-at="2025-11-11T20:47:20 IST" name="Default suite" finished-at="2025-11-11T20:47:31 IST" duration-ms="11140">
    <groups>
      <group name="cucumber">
        <method signature="AbstractTestNGCucumberTests.runScenario(io.cucumber.testng.PickleWrapper,io.cucumber.testng.FeatureWrapper)[pri:0, instance:com.runner.TestRunnerTestNG@1649b0e6]" name="runScenario" class="io.cucumber.testng.AbstractTestNGCucumberTests"/>
      </group> <!-- cucumber -->
    </groups>
    <test started-at="2025-11-11T20:47:20 IST" name="Default test" finished-at="2025-11-11T20:47:31 IST" duration-ms="11140">
      <class name="com.runner.TestRunnerTestNG">
        <test-method is-config="true" signature="setUpClass(org.testng.ITestContext)[pri:0, instance:com.runner.TestRunnerTestNG@1649b0e6]" started-at="2025-11-11T20:47:20 IST" name="setUpClass" finished-at="2025-11-11T20:47:21 IST" duration-ms="877" status="PASS">
          <params>
            <param index="0">
              <value>
                <![CDATA[org.testng.TestRunner@2c0b4c83]]>
              </value>
            </param>
          </params>
          <reporter-output>
          </reporter-output>
        </test-method> <!-- setUpClass -->
        <test-method signature="runScenario(io.cucumber.testng.PickleWrapper,io.cucumber.testng.FeatureWrapper)[pri:0, instance:com.runner.TestRunnerTestNG@1649b0e6]" started-at="2025-11-11T20:47:21 IST" name="runScenario" description="Runs Cucumber Scenarios" data-provider="scenarios" finished-at="2025-11-11T20:47:31 IST" duration-ms="10098" status="FAIL">
          <params>
            <param index="0">
              <value>
                <![CDATA["Validate that searching for dentist shows matching doctors"]]>
              </value>
            </param>
            <param index="1">
              <value>
                <![CDATA["Practo Doctor Search"]]>
              </value>
            </param>
          </params>
          <exception class="java.lang.NullPointerException">
            <full-stacktrace>
              <![CDATA[java.lang.NullPointerException
at java.base/java.io.FileInputStream.<init>(FileInputStream.java:151)
at java.base/java.io.FileInputStream.<init>(FileInputStream.java:112)
at com.parameters.ExcelReader.getSpecializationFromExcel(ExcelReader.java:19)
at com.pages.ProfilePage.enterSpecialization(ProfilePage.java:31)
at com.stepDefinitionTestNG.Profile.the_user_searches_for_the_dentists(Profile.java:49)
at ✽.the user searches for the Dentists(file:///C:/training/Java/SprintPracto/Practo/src/test/resources/Features/Profile.feature:7)
]]>
            </full-stacktrace>
          </exception> <!-- java.lang.NullPointerException -->
          <reporter-output>
          </reporter-output>
        </test-method> <!-- runScenario -->
        <test-method is-config="true" signature="tearDownClass()[pri:0, instance:com.runner.TestRunnerTestNG@1649b0e6]" started-at="2025-11-11T20:47:31 IST" name="tearDownClass" finished-at="2025-11-11T20:47:31 IST" duration-ms="112" status="PASS">
          <reporter-output>
          </reporter-output>
        </test-method> <!-- tearDownClass -->
      </class> <!-- com.runner.TestRunnerTestNG -->
    </test> <!-- Default test -->
  </suite> <!-- Default suite -->
</testng-results>
