<?xml version="1.0" encoding="UTF-8"?>
<testng-results ignored="0" total="3" passed="0" failed="3" skipped="0">
  <reporter-output>
  </reporter-output>
  <suite started-at="2025-11-14T20:31:40 IST" name="Default suite" finished-at="2025-11-14T20:31:56 IST" duration-ms="15587">
    <groups>
      <group name="cucumber">
        <method signature="AbstractTestNGCucumberTests.runScenario(io.cucumber.testng.PickleWrapper,io.cucumber.testng.FeatureWrapper)[pri:0, instance:com.runner.TestRunner@dd05255]" name="runScenario" class="io.cucumber.testng.AbstractTestNGCucumberTests"/>
      </group> <!-- cucumber -->
    </groups>
    <test started-at="2025-11-14T20:31:40 IST" name="Default test" finished-at="2025-11-14T20:31:56 IST" duration-ms="15587">
      <class name="com.runner.TestRunner">
        <test-method is-config="true" signature="setUpClass(org.testng.ITestContext)[pri:0, instance:com.runner.TestRunner@dd05255]" started-at="2025-11-14T20:31:40 IST" name="setUpClass" finished-at="2025-11-14T20:31:41 IST" duration-ms="873" status="PASS">
          <params>
            <param index="0">
              <value>
                <![CDATA[org.testng.TestRunner@2b34e38c]]>
              </value>
            </param>
          </params>
          <reporter-output>
          </reporter-output>
        </test-method> <!-- setUpClass -->
        <test-method signature="runScenario(io.cucumber.testng.PickleWrapper,io.cucumber.testng.FeatureWrapper)[pri:0, instance:com.runner.TestRunner@dd05255]" started-at="2025-11-14T20:31:41 IST" name="runScenario" description="Runs Cucumber Scenarios" data-provider="scenarios" finished-at="2025-11-14T20:31:50 IST" duration-ms="9121" status="FAIL">
          <params>
            <param index="0">
              <value>
                <![CDATA["Navigate to provider pages using Excel data"]]>
              </value>
            </param>
            <param index="1">
              <value>
                <![CDATA["Lab Tests Navigation"]]>
              </value>
            </param>
          </params>
          <exception class="java.lang.ExceptionInInitializerError">
            <full-stacktrace>
              <![CDATA[java.lang.ExceptionInInitializerError
at com.pages.UserPage.launchApplication(UserPage.java:343)
at com.stepDefinitionTestNG.Profile.user_launches_practo_application(Profile.java:294)
at ✽.user launches Practo application(file:///C:/Users/dyamaa/SpritPracto/Practo/src/test/resources/Features/Profile.feature:56)
Caused by: java.lang.RuntimeException: Failed to load profile.properties file.
at com.parameters.PropertyReader.<clinit>(PropertyReader.java:88)
... 3 more
]]>
            </full-stacktrace>
          </exception> <!-- java.lang.ExceptionInInitializerError -->
          <reporter-output>
          </reporter-output>
        </test-method> <!-- runScenario -->
        <test-method signature="runScenario(io.cucumber.testng.PickleWrapper,io.cucumber.testng.FeatureWrapper)[pri:0, instance:com.runner.TestRunner@dd05255]" started-at="2025-11-14T20:31:50 IST" name="runScenario" description="Runs Cucumber Scenarios" data-provider="scenarios" finished-at="2025-11-14T20:31:53 IST" duration-ms="2657" status="FAIL">
          <params>
            <param index="0">
              <value>
                <![CDATA["Navigate to provider pages using Excel data"]]>
              </value>
            </param>
            <param index="1">
              <value>
                <![CDATA["Lab Tests Navigation"]]>
              </value>
            </param>
          </params>
          <exception class="java.lang.NoClassDefFoundError">
            <message>
              <![CDATA[Could not initialize class com.parameters.PropertyReader]]>
            </message>
            <full-stacktrace>
              <![CDATA[java.lang.NoClassDefFoundError: Could not initialize class com.parameters.PropertyReader
at com.pages.UserPage.launchApplication(UserPage.java:343)
at com.stepDefinitionTestNG.Profile.user_launches_practo_application(Profile.java:294)
at ✽.user launches Practo application(file:///C:/Users/dyamaa/SpritPracto/Practo/src/test/resources/Features/Profile.feature:56)
Caused by: java.lang.ExceptionInInitializerError: Exception java.lang.RuntimeException: Failed to load profile.properties file. [in thread "main"]
at com.parameters.PropertyReader.<clinit>(PropertyReader.java:88)
... 3 more
]]>
            </full-stacktrace>
          </exception> <!-- java.lang.NoClassDefFoundError -->
          <reporter-output>
          </reporter-output>
        </test-method> <!-- runScenario -->
        <test-method signature="runScenario(io.cucumber.testng.PickleWrapper,io.cucumber.testng.FeatureWrapper)[pri:0, instance:com.runner.TestRunner@dd05255]" started-at="2025-11-14T20:31:53 IST" name="runScenario" description="Runs Cucumber Scenarios" data-provider="scenarios" finished-at="2025-11-14T20:31:56 IST" duration-ms="2824" status="FAIL">
          <params>
            <param index="0">
              <value>
                <![CDATA["Navigate to provider pages using Excel data"]]>
              </value>
            </param>
            <param index="1">
              <value>
                <![CDATA["Lab Tests Navigation"]]>
              </value>
            </param>
          </params>
          <exception class="java.lang.NoClassDefFoundError">
            <message>
              <![CDATA[Could not initialize class com.parameters.PropertyReader]]>
            </message>
            <full-stacktrace>
              <![CDATA[java.lang.NoClassDefFoundError: Could not initialize class com.parameters.PropertyReader
at com.pages.UserPage.launchApplication(UserPage.java:343)
at com.stepDefinitionTestNG.Profile.user_launches_practo_application(Profile.java:294)
at ✽.user launches Practo application(file:///C:/Users/dyamaa/SpritPracto/Practo/src/test/resources/Features/Profile.feature:56)
Caused by: java.lang.ExceptionInInitializerError: Exception java.lang.RuntimeException: Failed to load profile.properties file. [in thread "main"]
at com.parameters.PropertyReader.<clinit>(PropertyReader.java:88)
... 3 more
]]>
            </full-stacktrace>
          </exception> <!-- java.lang.NoClassDefFoundError -->
          <reporter-output>
          </reporter-output>
        </test-method> <!-- runScenario -->
        <test-method is-config="true" signature="tearDownClass()[pri:0, instance:com.runner.TestRunner@dd05255]" started-at="2025-11-14T20:31:56 IST" name="tearDownClass" finished-at="2025-11-14T20:31:56 IST" duration-ms="48" status="PASS">
          <reporter-output>
          </reporter-output>
        </test-method> <!-- tearDownClass -->
      </class> <!-- com.runner.TestRunner -->
    </test> <!-- Default test -->
  </suite> <!-- Default suite -->
</testng-results>
