<?xml version="1.0" encoding="UTF-8"?>
<testng-results ignored="0" total="1" passed="0" failed="1" skipped="0">
  <reporter-output>
  </reporter-output>
  <suite started-at="2025-11-12T18:01:43 IST" name="Default suite" finished-at="2025-11-12T18:01:53 IST" duration-ms="10087">
    <groups>
      <group name="cucumber">
        <method signature="AbstractTestNGCucumberTests.runScenario(io.cucumber.testng.PickleWrapper,io.cucumber.testng.FeatureWrapper)[pri:0, instance:com.runner.TestRunnerTestNG@17a7f733]" name="runScenario" class="io.cucumber.testng.AbstractTestNGCucumberTests"/>
      </group> <!-- cucumber -->
    </groups>
    <test started-at="2025-11-12T18:01:43 IST" name="Default test" finished-at="2025-11-12T18:01:53 IST" duration-ms="10087">
      <class name="com.runner.TestRunnerTestNG">
        <test-method is-config="true" signature="setUpClass(org.testng.ITestContext)[pri:0, instance:com.runner.TestRunnerTestNG@17a7f733]" started-at="2025-11-12T18:01:43 IST" name="setUpClass" finished-at="2025-11-12T18:01:43 IST" duration-ms="845" status="PASS">
          <params>
            <param index="0">
              <value>
                <![CDATA[org.testng.TestRunner@6cbd0674]]>
              </value>
            </param>
          </params>
          <reporter-output>
          </reporter-output>
        </test-method> <!-- setUpClass -->
        <test-method signature="runScenario(io.cucumber.testng.PickleWrapper,io.cucumber.testng.FeatureWrapper)[pri:0, instance:com.runner.TestRunnerTestNG@17a7f733]" started-at="2025-11-12T18:01:43 IST" name="runScenario" description="Runs Cucumber Scenarios" data-provider="scenarios" finished-at="2025-11-12T18:01:53 IST" duration-ms="9074" status="FAIL">
          <params>
            <param index="0">
              <value>
                <![CDATA["Invalid mobile number shows error but OTP field appears"]]>
              </value>
            </param>
            <param index="1">
              <value>
                <![CDATA["Home Page Footer Navigation"]]>
              </value>
            </param>
          </params>
          <exception class="io.cucumber.testng.UndefinedStepException">
            <message>
              <![CDATA[The step 'User applies a City filter from test data' is undefined.
You can implement this step using the snippet(s) below:

@When("User applies a City filter from test data")
public void user_applies_a_city_filter_from_test_data() {
    // Write code here that turns the phrase above into concrete actions
    throw new io.cucumber.java.PendingException();
}
]]>
            </message>
            <full-stacktrace>
              <![CDATA[io.cucumber.testng.UndefinedStepException: The step 'User applies a City filter from test data' is undefined.
You can implement this step using the snippet(s) below:

@When("User applies a City filter from test data")
public void user_applies_a_city_filter_from_test_data() {
    // Write code here that turns the phrase above into concrete actions
    throw new io.cucumber.java.PendingException();
}

at ✽.User applies a City filter from test data(file:///C:/Training/SprintPracto/Practo/src/test/resources/Features/Profile.feature:29)
]]>
            </full-stacktrace>
          </exception> <!-- io.cucumber.testng.UndefinedStepException -->
          <reporter-output>
          </reporter-output>
        </test-method> <!-- runScenario -->
        <test-method is-config="true" signature="tearDownClass()[pri:0, instance:com.runner.TestRunnerTestNG@17a7f733]" started-at="2025-11-12T18:01:53 IST" name="tearDownClass" finished-at="2025-11-12T18:01:53 IST" duration-ms="102" status="PASS">
          <reporter-output>
          </reporter-output>
        </test-method> <!-- tearDownClass -->
      </class> <!-- com.runner.TestRunnerTestNG -->
    </test> <!-- Default test -->
  </suite> <!-- Default suite -->
</testng-results>
