<?xml version="1.0" encoding="UTF-8"?>
<testng-results ignored="0" total="10" passed="10" failed="0" skipped="0">
  <reporter-output>
  </reporter-output>
  <suite started-at="2025-11-17T19:27:00 IST" name="Default suite" finished-at="2025-11-17T19:33:04 IST" duration-ms="364055">
    <groups>
      <group name="cucumber">
        <method signature="AbstractTestNGCucumberTests.runScenario(io.cucumber.testng.PickleWrapper,io.cucumber.testng.FeatureWrapper)[pri:0, instance:com.runner.TestRunnerTestNG@1649b0e6]" name="runScenario" class="io.cucumber.testng.AbstractTestNGCucumberTests"/>
      </group> <!-- cucumber -->
    </groups>
    <test started-at="2025-11-17T19:27:00 IST" name="Default test" finished-at="2025-11-17T19:33:04 IST" duration-ms="364055">
      <class name="com.runner.TestRunnerTestNG">
        <test-method is-config="true" signature="setUpClass(org.testng.ITestContext)[pri:0, instance:com.runner.TestRunnerTestNG@1649b0e6]" started-at="2025-11-17T19:27:00 IST" name="setUpClass" finished-at="2025-11-17T19:27:01 IST" duration-ms="1174" status="PASS">
          <params>
            <param index="0">
              <value>
                <![CDATA[org.testng.TestRunner@c83ed77]]>
              </value>
            </param>
          </params>
          <reporter-output>
          </reporter-output>
        </test-method> <!-- setUpClass -->
        <test-method signature="runScenario(io.cucumber.testng.PickleWrapper,io.cucumber.testng.FeatureWrapper)[pri:0, instance:com.runner.TestRunnerTestNG@1649b0e6]" started-at="2025-11-17T19:27:01 IST" name="runScenario" description="Runs Cucumber Scenarios" data-provider="scenarios" finished-at="2025-11-17T19:27:26 IST" duration-ms="24152" status="PASS">
          <params>
            <param index="0">
              <value>
                <![CDATA["Navigate to Lab Tests page"]]>
              </value>
            </param>
            <param index="1">
              <value>
                <![CDATA["Lab Tests Navigation"]]>
              </value>
            </param>
          </params>
          <reporter-output>
          </reporter-output>
        </test-method> <!-- runScenario -->
        <test-method signature="runScenario(io.cucumber.testng.PickleWrapper,io.cucumber.testng.FeatureWrapper)[pri:0, instance:com.runner.TestRunnerTestNG@1649b0e6]" started-at="2025-11-17T19:27:26 IST" name="runScenario" description="Runs Cucumber Scenarios" data-provider="scenarios" finished-at="2025-11-17T19:27:54 IST" duration-ms="28720" status="PASS">
          <params>
            <param index="0">
              <value>
                <![CDATA["Navigate to Lab Tests page and add Lipid Profile to cart"]]>
              </value>
            </param>
            <param index="1">
              <value>
                <![CDATA["Lab Tests Navigation"]]>
              </value>
            </param>
          </params>
          <reporter-output>
          </reporter-output>
        </test-method> <!-- runScenario -->
        <test-method signature="runScenario(io.cucumber.testng.PickleWrapper,io.cucumber.testng.FeatureWrapper)[pri:0, instance:com.runner.TestRunnerTestNG@1649b0e6]" started-at="2025-11-17T19:27:54 IST" name="runScenario" description="Runs Cucumber Scenarios" data-provider="scenarios" finished-at="2025-11-17T19:28:34 IST" duration-ms="40074" status="PASS">
          <params>
            <param index="0">
              <value>
                <![CDATA["Search for items in Lipid Profile page"]]>
              </value>
            </param>
            <param index="1">
              <value>
                <![CDATA["Lab Tests Navigation"]]>
              </value>
            </param>
          </params>
          <reporter-output>
          </reporter-output>
        </test-method> <!-- runScenario -->
        <test-method signature="runScenario(io.cucumber.testng.PickleWrapper,io.cucumber.testng.FeatureWrapper)[pri:0, instance:com.runner.TestRunnerTestNG@1649b0e6]" started-at="2025-11-17T19:28:34 IST" name="runScenario" description="Runs Cucumber Scenarios" data-provider="scenarios" finished-at="2025-11-17T19:29:14 IST" duration-ms="39673" status="PASS">
          <params>
            <param index="0">
              <value>
                <![CDATA["Search for items in Lipid Profile page"]]>
              </value>
            </param>
            <param index="1">
              <value>
                <![CDATA["Lab Tests Navigation"]]>
              </value>
            </param>
          </params>
          <reporter-output>
          </reporter-output>
        </test-method> <!-- runScenario -->
        <test-method signature="runScenario(io.cucumber.testng.PickleWrapper,io.cucumber.testng.FeatureWrapper)[pri:0, instance:com.runner.TestRunnerTestNG@1649b0e6]" started-at="2025-11-17T19:29:14 IST" name="runScenario" description="Runs Cucumber Scenarios" data-provider="scenarios" finished-at="2025-11-17T19:29:53 IST" duration-ms="38930" status="PASS">
          <params>
            <param index="0">
              <value>
                <![CDATA["Search for items in Lipid Profile page"]]>
              </value>
            </param>
            <param index="1">
              <value>
                <![CDATA["Lab Tests Navigation"]]>
              </value>
            </param>
          </params>
          <reporter-output>
          </reporter-output>
        </test-method> <!-- runScenario -->
        <test-method signature="runScenario(io.cucumber.testng.PickleWrapper,io.cucumber.testng.FeatureWrapper)[pri:0, instance:com.runner.TestRunnerTestNG@1649b0e6]" started-at="2025-11-17T19:29:53 IST" name="runScenario" description="Runs Cucumber Scenarios" data-provider="scenarios" finished-at="2025-11-17T19:30:37 IST" duration-ms="44215" status="PASS">
          <params>
            <param index="0">
              <value>
                <![CDATA["Search for items in Lipid Profile page"]]>
              </value>
            </param>
            <param index="1">
              <value>
                <![CDATA["Lab Tests Navigation"]]>
              </value>
            </param>
          </params>
          <reporter-output>
          </reporter-output>
        </test-method> <!-- runScenario -->
        <test-method signature="runScenario(io.cucumber.testng.PickleWrapper,io.cucumber.testng.FeatureWrapper)[pri:0, instance:com.runner.TestRunnerTestNG@1649b0e6]" started-at="2025-11-17T19:30:37 IST" name="runScenario" description="Runs Cucumber Scenarios" data-provider="scenarios" finished-at="2025-11-17T19:31:21 IST" duration-ms="44207" status="PASS">
          <params>
            <param index="0">
              <value>
                <![CDATA["Search for items in Lipid Profile page"]]>
              </value>
            </param>
            <param index="1">
              <value>
                <![CDATA["Lab Tests Navigation"]]>
              </value>
            </param>
          </params>
          <reporter-output>
          </reporter-output>
        </test-method> <!-- runScenario -->
        <test-method signature="runScenario(io.cucumber.testng.PickleWrapper,io.cucumber.testng.FeatureWrapper)[pri:0, instance:com.runner.TestRunnerTestNG@1649b0e6]" started-at="2025-11-17T19:31:21 IST" name="runScenario" description="Runs Cucumber Scenarios" data-provider="scenarios" finished-at="2025-11-17T19:32:06 IST" duration-ms="44441" status="PASS">
          <params>
            <param index="0">
              <value>
                <![CDATA["Search for items in Lipid Profile page"]]>
              </value>
            </param>
            <param index="1">
              <value>
                <![CDATA["Lab Tests Navigation"]]>
              </value>
            </param>
          </params>
          <reporter-output>
          </reporter-output>
        </test-method> <!-- runScenario -->
        <test-method signature="runScenario(io.cucumber.testng.PickleWrapper,io.cucumber.testng.FeatureWrapper)[pri:0, instance:com.runner.TestRunnerTestNG@1649b0e6]" started-at="2025-11-17T19:32:06 IST" name="runScenario" description="Runs Cucumber Scenarios" data-provider="scenarios" finished-at="2025-11-17T19:32:35 IST" duration-ms="28977" status="PASS">
          <params>
            <param index="0">
              <value>
                <![CDATA["Navigate to LabTest page and Book Now Cart"]]>
              </value>
            </param>
            <param index="1">
              <value>
                <![CDATA["Lab Tests Navigation"]]>
              </value>
            </param>
          </params>
          <reporter-output>
          </reporter-output>
        </test-method> <!-- runScenario -->
        <test-method signature="runScenario(io.cucumber.testng.PickleWrapper,io.cucumber.testng.FeatureWrapper)[pri:0, instance:com.runner.TestRunnerTestNG@1649b0e6]" started-at="2025-11-17T19:32:35 IST" name="runScenario" description="Runs Cucumber Scenarios" data-provider="scenarios" finished-at="2025-11-17T19:33:04 IST" duration-ms="28909" status="PASS">
          <params>
            <param index="0">
              <value>
                <![CDATA["Navigate to Lab Tests page and verify Coupon"]]>
              </value>
            </param>
            <param index="1">
              <value>
                <![CDATA["Lab Tests Navigation"]]>
              </value>
            </param>
          </params>
          <reporter-output>
          </reporter-output>
        </test-method> <!-- runScenario -->
        <test-method is-config="true" signature="tearDownClass()[pri:0, instance:com.runner.TestRunnerTestNG@1649b0e6]" started-at="2025-11-17T19:33:04 IST" name="tearDownClass" finished-at="2025-11-17T19:33:04 IST" duration-ms="495" status="PASS">
          <reporter-output>
          </reporter-output>
        </test-method> <!-- tearDownClass -->
      </class> <!-- com.runner.TestRunnerTestNG -->
    </test> <!-- Default test -->
  </suite> <!-- Default suite -->
</testng-results>
