<?xml version="1.0" encoding="UTF-8"?>
<testng-results ignored="0" total="9" passed="9" failed="0" skipped="0">
  <reporter-output>
  </reporter-output>
  <suite started-at="2025-11-16T14:37:37 IST" name="Default suite" finished-at="2025-11-16T14:45:49 IST" duration-ms="492170">
    <groups>
      <group name="cucumber">
        <method signature="AbstractTestNGCucumberTests.runScenario(io.cucumber.testng.PickleWrapper,io.cucumber.testng.FeatureWrapper)[pri:0, instance:com.runner.TestRunner@dd05255]" name="runScenario" class="io.cucumber.testng.AbstractTestNGCucumberTests"/>
      </group> <!-- cucumber -->
    </groups>
    <test started-at="2025-11-16T14:37:37 IST" name="Default test" finished-at="2025-11-16T14:45:49 IST" duration-ms="492170">
      <class name="com.runner.TestRunner">
        <test-method is-config="true" signature="setUpClass(org.testng.ITestContext)[pri:0, instance:com.runner.TestRunner@dd05255]" started-at="2025-11-16T14:37:37 IST" name="setUpClass" finished-at="2025-11-16T14:37:38 IST" duration-ms="1107" status="PASS">
          <params>
            <param index="0">
              <value>
                <![CDATA[org.testng.TestRunner@7bde704a]]>
              </value>
            </param>
          </params>
          <reporter-output>
          </reporter-output>
        </test-method> <!-- setUpClass -->
        <test-method signature="runScenario(io.cucumber.testng.PickleWrapper,io.cucumber.testng.FeatureWrapper)[pri:0, instance:com.runner.TestRunner@dd05255]" started-at="2025-11-16T14:37:38 IST" name="runScenario" description="Runs Cucumber Scenarios" data-provider="scenarios" finished-at="2025-11-16T14:38:34 IST" duration-ms="56269" status="PASS">
          <params>
            <param index="0">
              <value>
                <![CDATA["Navigate to Labtest and book a package"]]>
              </value>
            </param>
            <param index="1">
              <value>
                <![CDATA["Lab Tests Navigation"]]>
              </value>
            </param>
          </params>
          <reporter-output>
          </reporter-output>
        </test-method> <!-- runScenario -->
        <test-method signature="runScenario(io.cucumber.testng.PickleWrapper,io.cucumber.testng.FeatureWrapper)[pri:0, instance:com.runner.TestRunner@dd05255]" started-at="2025-11-16T14:38:34 IST" name="runScenario" description="Runs Cucumber Scenarios" data-provider="scenarios" finished-at="2025-11-16T14:38:54 IST" duration-ms="19719" status="PASS">
          <params>
            <param index="0">
              <value>
                <![CDATA["Navigate to Healthy Hair article and verify content"]]>
              </value>
            </param>
            <param index="1">
              <value>
                <![CDATA["Lab Tests Navigation"]]>
              </value>
            </param>
          </params>
          <reporter-output>
          </reporter-output>
        </test-method> <!-- runScenario -->
        <test-method signature="runScenario(io.cucumber.testng.PickleWrapper,io.cucumber.testng.FeatureWrapper)[pri:0, instance:com.runner.TestRunner@dd05255]" started-at="2025-11-16T14:38:54 IST" name="runScenario" description="Runs Cucumber Scenarios" data-provider="scenarios" finished-at="2025-11-16T14:40:00 IST" duration-ms="66278" status="PASS">
          <params>
            <param index="0">
              <value>
                <![CDATA["Validate Health Checkup Packages and booking"]]>
              </value>
            </param>
            <param index="1">
              <value>
                <![CDATA["Lab Tests Navigation"]]>
              </value>
            </param>
          </params>
          <reporter-output>
          </reporter-output>
        </test-method> <!-- runScenario -->
        <test-method signature="runScenario(io.cucumber.testng.PickleWrapper,io.cucumber.testng.FeatureWrapper)[pri:0, instance:com.runner.TestRunner@dd05255]" started-at="2025-11-16T14:40:00 IST" name="runScenario" description="Runs Cucumber Scenarios" data-provider="scenarios" finished-at="2025-11-16T14:42:00 IST" duration-ms="120327" status="PASS">
          <params>
            <param index="0">
              <value>
                <![CDATA["User books a lab test using Excel inputs"]]>
              </value>
            </param>
            <param index="1">
              <value>
                <![CDATA["Lab Tests Navigation"]]>
              </value>
            </param>
          </params>
          <reporter-output>
          </reporter-output>
        </test-method> <!-- runScenario -->
        <test-method signature="runScenario(io.cucumber.testng.PickleWrapper,io.cucumber.testng.FeatureWrapper)[pri:0, instance:com.runner.TestRunner@dd05255]" started-at="2025-11-16T14:42:00 IST" name="runScenario" description="Runs Cucumber Scenarios" data-provider="scenarios" finished-at="2025-11-16T14:42:42 IST" duration-ms="41716" status="PASS">
          <params>
            <param index="0">
              <value>
                <![CDATA["User books a lab test using Excel inputs"]]>
              </value>
            </param>
            <param index="1">
              <value>
                <![CDATA["Lab Tests Navigation"]]>
              </value>
            </param>
          </params>
          <reporter-output>
          </reporter-output>
        </test-method> <!-- runScenario -->
        <test-method signature="runScenario(io.cucumber.testng.PickleWrapper,io.cucumber.testng.FeatureWrapper)[pri:0, instance:com.runner.TestRunner@dd05255]" started-at="2025-11-16T14:42:42 IST" name="runScenario" description="Runs Cucumber Scenarios" data-provider="scenarios" finished-at="2025-11-16T14:43:16 IST" duration-ms="34074" status="PASS">
          <params>
            <param index="0">
              <value>
                <![CDATA["User books a lab test using Excel inputs"]]>
              </value>
            </param>
            <param index="1">
              <value>
                <![CDATA["Lab Tests Navigation"]]>
              </value>
            </param>
          </params>
          <reporter-output>
          </reporter-output>
        </test-method> <!-- runScenario -->
        <test-method signature="runScenario(io.cucumber.testng.PickleWrapper,io.cucumber.testng.FeatureWrapper)[pri:0, instance:com.runner.TestRunner@dd05255]" started-at="2025-11-16T14:43:16 IST" name="runScenario" description="Runs Cucumber Scenarios" data-provider="scenarios" finished-at="2025-11-16T14:43:56 IST" duration-ms="39399" status="PASS">
          <params>
            <param index="0">
              <value>
                <![CDATA["Navigate to provider pages using Excel data"]]>
              </value>
            </param>
            <param index="1">
              <value>
                <![CDATA["Lab Tests Navigation"]]>
              </value>
            </param>
          </params>
          <reporter-output>
          </reporter-output>
        </test-method> <!-- runScenario -->
        <test-method signature="runScenario(io.cucumber.testng.PickleWrapper,io.cucumber.testng.FeatureWrapper)[pri:0, instance:com.runner.TestRunner@dd05255]" started-at="2025-11-16T14:43:56 IST" name="runScenario" description="Runs Cucumber Scenarios" data-provider="scenarios" finished-at="2025-11-16T14:44:46 IST" duration-ms="50633" status="PASS">
          <params>
            <param index="0">
              <value>
                <![CDATA["Navigate to provider pages using Excel data"]]>
              </value>
            </param>
            <param index="1">
              <value>
                <![CDATA["Lab Tests Navigation"]]>
              </value>
            </param>
          </params>
          <reporter-output>
          </reporter-output>
        </test-method> <!-- runScenario -->
        <test-method signature="runScenario(io.cucumber.testng.PickleWrapper,io.cucumber.testng.FeatureWrapper)[pri:0, instance:com.runner.TestRunner@dd05255]" started-at="2025-11-16T14:44:46 IST" name="runScenario" description="Runs Cucumber Scenarios" data-provider="scenarios" finished-at="2025-11-16T14:45:48 IST" duration-ms="61798" status="PASS">
          <params>
            <param index="0">
              <value>
                <![CDATA["Navigate to provider pages using Excel data"]]>
              </value>
            </param>
            <param index="1">
              <value>
                <![CDATA["Lab Tests Navigation"]]>
              </value>
            </param>
          </params>
          <reporter-output>
          </reporter-output>
        </test-method> <!-- runScenario -->
        <test-method is-config="true" signature="tearDownClass()[pri:0, instance:com.runner.TestRunner@dd05255]" started-at="2025-11-16T14:45:48 IST" name="tearDownClass" finished-at="2025-11-16T14:45:49 IST" duration-ms="715" status="PASS">
          <reporter-output>
          </reporter-output>
        </test-method> <!-- tearDownClass -->
      </class> <!-- com.runner.TestRunner -->
    </test> <!-- Default test -->
  </suite> <!-- Default suite -->
</testng-results>
