<?xml version="1.0" encoding="UTF-8"?>
<testng-results ignored="0" total="2" passed="2" failed="0" skipped="0">
  <reporter-output>
  </reporter-output>
  <suite started-at="2025-11-12T20:09:21 IST" name="Default suite" finished-at="2025-11-12T20:09:51 IST" duration-ms="29531">
    <groups>
      <group name="cucumber">
        <method signature="AbstractTestNGCucumberTests.runScenario(io.cucumber.testng.PickleWrapper,io.cucumber.testng.FeatureWrapper)[pri:0, instance:com.runner.TestRunnerTestNG@1649b0e6]" name="runScenario" class="io.cucumber.testng.AbstractTestNGCucumberTests"/>
      </group> <!-- cucumber -->
    </groups>
    <test started-at="2025-11-12T20:09:21 IST" name="Default test" finished-at="2025-11-12T20:09:51 IST" duration-ms="29531">
      <class name="com.runner.TestRunnerTestNG">
        <test-method is-config="true" signature="setUpClass(org.testng.ITestContext)[pri:0, instance:com.runner.TestRunnerTestNG@1649b0e6]" started-at="2025-11-12T20:09:21 IST" name="setUpClass" finished-at="2025-11-12T20:09:22 IST" duration-ms="1262" status="PASS">
          <params>
            <param index="0">
              <value>
                <![CDATA[org.testng.TestRunner@467233e4]]>
              </value>
            </param>
          </params>
          <reporter-output>
          </reporter-output>
        </test-method> <!-- setUpClass -->
        <test-method signature="runScenario(io.cucumber.testng.PickleWrapper,io.cucumber.testng.FeatureWrapper)[pri:0, instance:com.runner.TestRunnerTestNG@1649b0e6]" started-at="2025-11-12T20:09:22 IST" name="runScenario" description="Runs Cucumber Scenarios" data-provider="scenarios" finished-at="2025-11-12T20:09:36 IST" duration-ms="13510" status="PASS">
          <params>
            <param index="0">
              <value>
                <![CDATA["Navigate from Practo home to Find Doctors and then to Consult with a doctor"]]>
              </value>
            </param>
            <param index="1">
              <value>
                <![CDATA["Practo Doctor Search"]]>
              </value>
            </param>
          </params>
          <reporter-output>
          </reporter-output>
        </test-method> <!-- runScenario -->
        <test-method signature="runScenario(io.cucumber.testng.PickleWrapper,io.cucumber.testng.FeatureWrapper)[pri:0, instance:com.runner.TestRunnerTestNG@1649b0e6]" started-at="2025-11-12T20:09:36 IST" name="runScenario" description="Runs Cucumber Scenarios" data-provider="scenarios" finished-at="2025-11-12T20:09:50 IST" duration-ms="14153" status="PASS">
          <params>
            <param index="0">
              <value>
                <![CDATA["Validate that selecting Dermatologist from popular searches navigates through three pages"]]>
              </value>
            </param>
            <param index="1">
              <value>
                <![CDATA["Practo Doctor Search"]]>
              </value>
            </param>
          </params>
          <reporter-output>
          </reporter-output>
        </test-method> <!-- runScenario -->
        <test-method is-config="true" signature="tearDownClass()[pri:0, instance:com.runner.TestRunnerTestNG@1649b0e6]" started-at="2025-11-12T20:09:50 IST" name="tearDownClass" finished-at="2025-11-12T20:09:51 IST" duration-ms="533" status="PASS">
          <reporter-output>
          </reporter-output>
        </test-method> <!-- tearDownClass -->
      </class> <!-- com.runner.TestRunnerTestNG -->
    </test> <!-- Default test -->
  </suite> <!-- Default suite -->
</testng-results>
